{
  "stats": {
    "suites": 49,
    "tests": 172,
    "passes": 172,
    "pending": 0,
    "failures": 0,
    "start": "2017-09-22T14:47:11.739Z",
    "end": "2017-09-22T14:47:12.044Z",
    "duration": 305,
    "testsRegistered": 172,
    "passPercent": 100,
    "pendingPercent": 0,
    "other": 0,
    "hasOther": false,
    "skipped": 0,
    "hasSkipped": false,
    "passPercentClass": "success",
    "pendingPercentClass": "danger"
  },
  "suites": {
    "title": "",
    "suites": [
      {
        "title": "parse测试",
        "suites": [
          {
            "title": "1）测试数字类型",
            "suites": [],
            "tests": [
              {
                "title": "1, 解析整数",
                "fullTitle": "parse测试 1）测试数字类型 1, 解析整数",
                "timedOut": false,
                "duration": 4,
                "state": "passed",
                "speed": "fast",
                "pass": true,
                "fail": false,
                "pending": false,
                "code": "cb = index_1.default.parse('123');\nchai_1.expect(cb()).to.eq(123);",
                "err": {},
                "isRoot": false,
                "uuid": "235229e9-2bab-418c-8c8a-351f9d050e87",
                "parentUUID": "48e5d6f4-8bcf-46b4-af3a-3cc491479a0a",
                "isHook": false,
                "skipped": false
              },
              {
                "title": "2, 解析浮点数",
                "fullTitle": "parse测试 1）测试数字类型 2, 解析浮点数",
                "timedOut": false,
                "duration": 1,
                "state": "passed",
                "speed": "fast",
                "pass": true,
                "fail": false,
                "pending": false,
                "code": "cb = index_1.default.parse('1.2');\nchai_1.expect(cb()).to.eq(1.2);",
                "err": {},
                "isRoot": false,
                "uuid": "ceccc7f9-7725-4f87-8613-db09181c0307",
                "parentUUID": "48e5d6f4-8bcf-46b4-af3a-3cc491479a0a",
                "isHook": false,
                "skipped": false
              },
              {
                "title": "3, 解析浮点数--省略首位0",
                "fullTitle": "parse测试 1）测试数字类型 3, 解析浮点数--省略首位0",
                "timedOut": false,
                "duration": 0,
                "state": "passed",
                "speed": "fast",
                "pass": true,
                "fail": false,
                "pending": false,
                "code": "cb = index_1.default.parse('.21');\nchai_1.expect(cb()).to.eq(0.21);",
                "err": {},
                "isRoot": false,
                "uuid": "a7c3fa42-5c00-4b0c-bac5-78efb46b0f02",
                "parentUUID": "48e5d6f4-8bcf-46b4-af3a-3cc491479a0a",
                "isHook": false,
                "skipped": false
              },
              {
                "title": "4, 解析指数",
                "fullTitle": "parse测试 1）测试数字类型 4, 解析指数",
                "timedOut": false,
                "duration": 0,
                "state": "passed",
                "speed": "fast",
                "pass": true,
                "fail": false,
                "pending": false,
                "code": "cb = index_1.default.parse('12e2');\nchai_1.expect(cb()).to.eq(1200);",
                "err": {},
                "isRoot": false,
                "uuid": "42796895-1ce5-432c-ac15-16e453bbeb7a",
                "parentUUID": "48e5d6f4-8bcf-46b4-af3a-3cc491479a0a",
                "isHook": false,
                "skipped": false
              },
              {
                "title": "5, 解析指数",
                "fullTitle": "parse测试 1）测试数字类型 5, 解析指数",
                "timedOut": false,
                "duration": 0,
                "state": "passed",
                "speed": "fast",
                "pass": true,
                "fail": false,
                "pending": false,
                "code": "cb = index_1.default.parse('.12e2');\nchai_1.expect(cb()).to.eq(12);",
                "err": {},
                "isRoot": false,
                "uuid": "0480319b-e6b0-4b0a-9e7e-9ecbc2a1c6a2",
                "parentUUID": "48e5d6f4-8bcf-46b4-af3a-3cc491479a0a",
                "isHook": false,
                "skipped": false
              },
              {
                "title": "6, 解析指数",
                "fullTitle": "parse测试 1）测试数字类型 6, 解析指数",
                "timedOut": false,
                "duration": 0,
                "state": "passed",
                "speed": "fast",
                "pass": true,
                "fail": false,
                "pending": false,
                "code": "cb = index_1.default.parse('12E+2');\nchai_1.expect(cb()).to.eq(1200);",
                "err": {},
                "isRoot": false,
                "uuid": "6ae58b8b-e6f9-4f36-beb2-eed9e0419de5",
                "parentUUID": "48e5d6f4-8bcf-46b4-af3a-3cc491479a0a",
                "isHook": false,
                "skipped": false
              },
              {
                "title": "7, 解析指数",
                "fullTitle": "parse测试 1）测试数字类型 7, 解析指数",
                "timedOut": false,
                "duration": 1,
                "state": "passed",
                "speed": "fast",
                "pass": true,
                "fail": false,
                "pending": false,
                "code": "cb = index_1.default.parse('12e-2');\nchai_1.expect(cb()).to.eq(0.12);",
                "err": {},
                "isRoot": false,
                "uuid": "a20f2b17-ffaf-45fc-973a-4d0d60decdb7",
                "parentUUID": "48e5d6f4-8bcf-46b4-af3a-3cc491479a0a",
                "isHook": false,
                "skipped": false
              },
              {
                "title": "8, 解析非指数",
                "fullTitle": "parse测试 1）测试数字类型 8, 解析非指数",
                "timedOut": false,
                "duration": 2,
                "state": "passed",
                "speed": "fast",
                "pass": true,
                "fail": false,
                "pending": false,
                "code": "cb = function () {\n    return index_1.default.parse('12e--2')();\n};\nchai_1.expect(cb).to.throw('指数格式错误！');",
                "err": {},
                "isRoot": false,
                "uuid": "b0d2ea6f-6c71-4025-bde5-7f36d4067f19",
                "parentUUID": "48e5d6f4-8bcf-46b4-af3a-3cc491479a0a",
                "isHook": false,
                "skipped": false
              },
              {
                "title": "8, 解析指数",
                "fullTitle": "parse测试 1）测试数字类型 8, 解析指数",
                "timedOut": false,
                "duration": 0,
                "state": "passed",
                "speed": "fast",
                "pass": true,
                "fail": false,
                "pending": false,
                "code": "cb = function () {\n    return index_1.default.parse('12E+')();\n};\nchai_1.expect(cb).to.throw(\"指数格式错误！\");",
                "err": {},
                "isRoot": false,
                "uuid": "f1fde68a-8642-48da-9fe1-63f0b64772ab",
                "parentUUID": "48e5d6f4-8bcf-46b4-af3a-3cc491479a0a",
                "isHook": false,
                "skipped": false
              },
              {
                "title": "9, 解析指数",
                "fullTitle": "parse测试 1）测试数字类型 9, 解析指数",
                "timedOut": false,
                "duration": 1,
                "state": "passed",
                "speed": "fast",
                "pass": true,
                "fail": false,
                "pending": false,
                "code": "cb = function () {\n    return index_1.default.parse('12e-')();\n};\nchai_1.expect(cb).to.throw('指数格式错误！');",
                "err": {},
                "isRoot": false,
                "uuid": "bcf3979d-8042-4def-bca0-ee405ae00c89",
                "parentUUID": "48e5d6f4-8bcf-46b4-af3a-3cc491479a0a",
                "isHook": false,
                "skipped": false
              }
            ],
            "pending": [],
            "root": false,
            "_timeout": 2000,
            "file": "\\test\\parse_spec.ts",
            "uuid": "48e5d6f4-8bcf-46b4-af3a-3cc491479a0a",
            "beforeHooks": [],
            "afterHooks": [],
            "fullFile": "D:\\CHEN.UI\\new\\Cpage.js\\test\\parse_spec.ts",
            "passes": [
              {
                "title": "1, 解析整数",
                "fullTitle": "parse测试 1）测试数字类型 1, 解析整数",
                "timedOut": false,
                "duration": 4,
                "state": "passed",
                "speed": "fast",
                "pass": true,
                "fail": false,
                "pending": false,
                "code": "cb = index_1.default.parse('123');\nchai_1.expect(cb()).to.eq(123);",
                "err": {},
                "isRoot": false,
                "uuid": "235229e9-2bab-418c-8c8a-351f9d050e87",
                "parentUUID": "48e5d6f4-8bcf-46b4-af3a-3cc491479a0a",
                "isHook": false,
                "skipped": false
              },
              {
                "title": "2, 解析浮点数",
                "fullTitle": "parse测试 1）测试数字类型 2, 解析浮点数",
                "timedOut": false,
                "duration": 1,
                "state": "passed",
                "speed": "fast",
                "pass": true,
                "fail": false,
                "pending": false,
                "code": "cb = index_1.default.parse('1.2');\nchai_1.expect(cb()).to.eq(1.2);",
                "err": {},
                "isRoot": false,
                "uuid": "ceccc7f9-7725-4f87-8613-db09181c0307",
                "parentUUID": "48e5d6f4-8bcf-46b4-af3a-3cc491479a0a",
                "isHook": false,
                "skipped": false
              },
              {
                "title": "3, 解析浮点数--省略首位0",
                "fullTitle": "parse测试 1）测试数字类型 3, 解析浮点数--省略首位0",
                "timedOut": false,
                "duration": 0,
                "state": "passed",
                "speed": "fast",
                "pass": true,
                "fail": false,
                "pending": false,
                "code": "cb = index_1.default.parse('.21');\nchai_1.expect(cb()).to.eq(0.21);",
                "err": {},
                "isRoot": false,
                "uuid": "a7c3fa42-5c00-4b0c-bac5-78efb46b0f02",
                "parentUUID": "48e5d6f4-8bcf-46b4-af3a-3cc491479a0a",
                "isHook": false,
                "skipped": false
              },
              {
                "title": "4, 解析指数",
                "fullTitle": "parse测试 1）测试数字类型 4, 解析指数",
                "timedOut": false,
                "duration": 0,
                "state": "passed",
                "speed": "fast",
                "pass": true,
                "fail": false,
                "pending": false,
                "code": "cb = index_1.default.parse('12e2');\nchai_1.expect(cb()).to.eq(1200);",
                "err": {},
                "isRoot": false,
                "uuid": "42796895-1ce5-432c-ac15-16e453bbeb7a",
                "parentUUID": "48e5d6f4-8bcf-46b4-af3a-3cc491479a0a",
                "isHook": false,
                "skipped": false
              },
              {
                "title": "5, 解析指数",
                "fullTitle": "parse测试 1）测试数字类型 5, 解析指数",
                "timedOut": false,
                "duration": 0,
                "state": "passed",
                "speed": "fast",
                "pass": true,
                "fail": false,
                "pending": false,
                "code": "cb = index_1.default.parse('.12e2');\nchai_1.expect(cb()).to.eq(12);",
                "err": {},
                "isRoot": false,
                "uuid": "0480319b-e6b0-4b0a-9e7e-9ecbc2a1c6a2",
                "parentUUID": "48e5d6f4-8bcf-46b4-af3a-3cc491479a0a",
                "isHook": false,
                "skipped": false
              },
              {
                "title": "6, 解析指数",
                "fullTitle": "parse测试 1）测试数字类型 6, 解析指数",
                "timedOut": false,
                "duration": 0,
                "state": "passed",
                "speed": "fast",
                "pass": true,
                "fail": false,
                "pending": false,
                "code": "cb = index_1.default.parse('12E+2');\nchai_1.expect(cb()).to.eq(1200);",
                "err": {},
                "isRoot": false,
                "uuid": "6ae58b8b-e6f9-4f36-beb2-eed9e0419de5",
                "parentUUID": "48e5d6f4-8bcf-46b4-af3a-3cc491479a0a",
                "isHook": false,
                "skipped": false
              },
              {
                "title": "7, 解析指数",
                "fullTitle": "parse测试 1）测试数字类型 7, 解析指数",
                "timedOut": false,
                "duration": 1,
                "state": "passed",
                "speed": "fast",
                "pass": true,
                "fail": false,
                "pending": false,
                "code": "cb = index_1.default.parse('12e-2');\nchai_1.expect(cb()).to.eq(0.12);",
                "err": {},
                "isRoot": false,
                "uuid": "a20f2b17-ffaf-45fc-973a-4d0d60decdb7",
                "parentUUID": "48e5d6f4-8bcf-46b4-af3a-3cc491479a0a",
                "isHook": false,
                "skipped": false
              },
              {
                "title": "8, 解析非指数",
                "fullTitle": "parse测试 1）测试数字类型 8, 解析非指数",
                "timedOut": false,
                "duration": 2,
                "state": "passed",
                "speed": "fast",
                "pass": true,
                "fail": false,
                "pending": false,
                "code": "cb = function () {\n    return index_1.default.parse('12e--2')();\n};\nchai_1.expect(cb).to.throw('指数格式错误！');",
                "err": {},
                "isRoot": false,
                "uuid": "b0d2ea6f-6c71-4025-bde5-7f36d4067f19",
                "parentUUID": "48e5d6f4-8bcf-46b4-af3a-3cc491479a0a",
                "isHook": false,
                "skipped": false
              },
              {
                "title": "8, 解析指数",
                "fullTitle": "parse测试 1）测试数字类型 8, 解析指数",
                "timedOut": false,
                "duration": 0,
                "state": "passed",
                "speed": "fast",
                "pass": true,
                "fail": false,
                "pending": false,
                "code": "cb = function () {\n    return index_1.default.parse('12E+')();\n};\nchai_1.expect(cb).to.throw(\"指数格式错误！\");",
                "err": {},
                "isRoot": false,
                "uuid": "f1fde68a-8642-48da-9fe1-63f0b64772ab",
                "parentUUID": "48e5d6f4-8bcf-46b4-af3a-3cc491479a0a",
                "isHook": false,
                "skipped": false
              },
              {
                "title": "9, 解析指数",
                "fullTitle": "parse测试 1）测试数字类型 9, 解析指数",
                "timedOut": false,
                "duration": 1,
                "state": "passed",
                "speed": "fast",
                "pass": true,
                "fail": false,
                "pending": false,
                "code": "cb = function () {\n    return index_1.default.parse('12e-')();\n};\nchai_1.expect(cb).to.throw('指数格式错误！');",
                "err": {},
                "isRoot": false,
                "uuid": "bcf3979d-8042-4def-bca0-ee405ae00c89",
                "parentUUID": "48e5d6f4-8bcf-46b4-af3a-3cc491479a0a",
                "isHook": false,
                "skipped": false
              }
            ],
            "failures": [],
            "skipped": [],
            "hasBeforeHooks": false,
            "hasAfterHooks": false,
            "hasTests": true,
            "hasSuites": false,
            "totalTests": 10,
            "totalPasses": 10,
            "totalFailures": 0,
            "totalPending": 0,
            "totalSkipped": 0,
            "hasPasses": true,
            "hasFailures": false,
            "hasPending": false,
            "hasSkipped": false,
            "duration": 9,
            "rootEmpty": false
          },
          {
            "title": "2）测试字符串",
            "suites": [],
            "tests": [
              {
                "title": "1, 解析字符串",
                "fullTitle": "parse测试 2）测试字符串 1, 解析字符串",
                "timedOut": false,
                "duration": 1,
                "state": "passed",
                "speed": "fast",
                "pass": true,
                "fail": false,
                "pending": false,
                "code": "cb = index_1.default.parse('\"abc\"');\nchai_1.expect(cb()).to.eq(\"abc\");",
                "err": {},
                "isRoot": false,
                "uuid": "9641a862-d06f-48bd-bdaf-4b2f92450a50",
                "parentUUID": "519ecd9b-f1ee-4482-8504-3b2307ee8c1d",
                "isHook": false,
                "skipped": false
              },
              {
                "title": "2, 解析字符串",
                "fullTitle": "parse测试 2）测试字符串 2, 解析字符串",
                "timedOut": false,
                "duration": 0,
                "state": "passed",
                "speed": "fast",
                "pass": true,
                "fail": false,
                "pending": false,
                "code": "cb = index_1.default.parse('\"ab\\tc\"');\nchai_1.expect(cb()).to.eq(\"ab\\tc\");",
                "err": {},
                "isRoot": false,
                "uuid": "32a1d8b6-6149-4057-8397-1e7636923a88",
                "parentUUID": "519ecd9b-f1ee-4482-8504-3b2307ee8c1d",
                "isHook": false,
                "skipped": false
              },
              {
                "title": "3 解析字符串",
                "fullTitle": "parse测试 2）测试字符串 3 解析字符串",
                "timedOut": false,
                "duration": 0,
                "state": "passed",
                "speed": "fast",
                "pass": true,
                "fail": false,
                "pending": false,
                "code": "cb = index_1.default.parse('\"ab\\\\\\c\"');\nchai_1.expect(cb()).to.eq(\"ab\\c\");",
                "err": {},
                "isRoot": false,
                "uuid": "96ec7f3b-9d08-48fb-9e6c-41b63d5ac673",
                "parentUUID": "519ecd9b-f1ee-4482-8504-3b2307ee8c1d",
                "isHook": false,
                "skipped": false
              }
            ],
            "pending": [],
            "root": false,
            "_timeout": 2000,
            "file": "\\test\\parse_spec.ts",
            "uuid": "519ecd9b-f1ee-4482-8504-3b2307ee8c1d",
            "beforeHooks": [],
            "afterHooks": [],
            "fullFile": "D:\\CHEN.UI\\new\\Cpage.js\\test\\parse_spec.ts",
            "passes": [
              {
                "title": "1, 解析字符串",
                "fullTitle": "parse测试 2）测试字符串 1, 解析字符串",
                "timedOut": false,
                "duration": 1,
                "state": "passed",
                "speed": "fast",
                "pass": true,
                "fail": false,
                "pending": false,
                "code": "cb = index_1.default.parse('\"abc\"');\nchai_1.expect(cb()).to.eq(\"abc\");",
                "err": {},
                "isRoot": false,
                "uuid": "9641a862-d06f-48bd-bdaf-4b2f92450a50",
                "parentUUID": "519ecd9b-f1ee-4482-8504-3b2307ee8c1d",
                "isHook": false,
                "skipped": false
              },
              {
                "title": "2, 解析字符串",
                "fullTitle": "parse测试 2）测试字符串 2, 解析字符串",
                "timedOut": false,
                "duration": 0,
                "state": "passed",
                "speed": "fast",
                "pass": true,
                "fail": false,
                "pending": false,
                "code": "cb = index_1.default.parse('\"ab\\tc\"');\nchai_1.expect(cb()).to.eq(\"ab\\tc\");",
                "err": {},
                "isRoot": false,
                "uuid": "32a1d8b6-6149-4057-8397-1e7636923a88",
                "parentUUID": "519ecd9b-f1ee-4482-8504-3b2307ee8c1d",
                "isHook": false,
                "skipped": false
              },
              {
                "title": "3 解析字符串",
                "fullTitle": "parse测试 2）测试字符串 3 解析字符串",
                "timedOut": false,
                "duration": 0,
                "state": "passed",
                "speed": "fast",
                "pass": true,
                "fail": false,
                "pending": false,
                "code": "cb = index_1.default.parse('\"ab\\\\\\c\"');\nchai_1.expect(cb()).to.eq(\"ab\\c\");",
                "err": {},
                "isRoot": false,
                "uuid": "96ec7f3b-9d08-48fb-9e6c-41b63d5ac673",
                "parentUUID": "519ecd9b-f1ee-4482-8504-3b2307ee8c1d",
                "isHook": false,
                "skipped": false
              }
            ],
            "failures": [],
            "skipped": [],
            "hasBeforeHooks": false,
            "hasAfterHooks": false,
            "hasTests": true,
            "hasSuites": false,
            "totalTests": 3,
            "totalPasses": 3,
            "totalFailures": 0,
            "totalPending": 0,
            "totalSkipped": 0,
            "hasPasses": true,
            "hasFailures": false,
            "hasPending": false,
            "hasSkipped": false,
            "duration": 1,
            "rootEmpty": false
          },
          {
            "title": "3）测试true,false,null",
            "suites": [],
            "tests": [
              {
                "title": "1, 解析true",
                "fullTitle": "parse测试 3）测试true,false,null 1, 解析true",
                "timedOut": false,
                "duration": 1,
                "state": "passed",
                "speed": "fast",
                "pass": true,
                "fail": false,
                "pending": false,
                "code": "cb = index_1.default.parse('true');\nchai_1.expect(cb()).to.eq(true);",
                "err": {},
                "isRoot": false,
                "uuid": "05511e3a-dcbb-440c-890e-d27b3b718d66",
                "parentUUID": "562e072f-a25b-4d8a-a171-ea72a843a1d8",
                "isHook": false,
                "skipped": false
              },
              {
                "title": "2, 解析false",
                "fullTitle": "parse测试 3）测试true,false,null 2, 解析false",
                "timedOut": false,
                "duration": 0,
                "state": "passed",
                "speed": "fast",
                "pass": true,
                "fail": false,
                "pending": false,
                "code": "cb = index_1.default.parse('false');\nchai_1.expect(cb()).to.eq(false);",
                "err": {},
                "isRoot": false,
                "uuid": "3e352bfe-4eec-4547-8c72-9dcbcd9c43bc",
                "parentUUID": "562e072f-a25b-4d8a-a171-ea72a843a1d8",
                "isHook": false,
                "skipped": false
              },
              {
                "title": "3, 解析null",
                "fullTitle": "parse测试 3）测试true,false,null 3, 解析null",
                "timedOut": false,
                "duration": 1,
                "state": "passed",
                "speed": "fast",
                "pass": true,
                "fail": false,
                "pending": false,
                "code": "cb = index_1.default.parse('null');\nchai_1.expect(cb()).to.eq(null);",
                "err": {},
                "isRoot": false,
                "uuid": "9dbdf5f0-3492-49d9-928a-146b442bd2b5",
                "parentUUID": "562e072f-a25b-4d8a-a171-ea72a843a1d8",
                "isHook": false,
                "skipped": false
              },
              {
                "title": "4, 解析undefined",
                "fullTitle": "parse测试 3）测试true,false,null 4, 解析undefined",
                "timedOut": false,
                "duration": 0,
                "state": "passed",
                "speed": "fast",
                "pass": true,
                "fail": false,
                "pending": false,
                "code": "cb = index_1.default.parse('undefined');\nchai_1.expect(cb()).to.eq(undefined);",
                "err": {},
                "isRoot": false,
                "uuid": "1e20c62d-dca4-41a7-8cfe-3d7cdc18aab3",
                "parentUUID": "562e072f-a25b-4d8a-a171-ea72a843a1d8",
                "isHook": false,
                "skipped": false
              }
            ],
            "pending": [],
            "root": false,
            "_timeout": 2000,
            "file": "\\test\\parse_spec.ts",
            "uuid": "562e072f-a25b-4d8a-a171-ea72a843a1d8",
            "beforeHooks": [],
            "afterHooks": [],
            "fullFile": "D:\\CHEN.UI\\new\\Cpage.js\\test\\parse_spec.ts",
            "passes": [
              {
                "title": "1, 解析true",
                "fullTitle": "parse测试 3）测试true,false,null 1, 解析true",
                "timedOut": false,
                "duration": 1,
                "state": "passed",
                "speed": "fast",
                "pass": true,
                "fail": false,
                "pending": false,
                "code": "cb = index_1.default.parse('true');\nchai_1.expect(cb()).to.eq(true);",
                "err": {},
                "isRoot": false,
                "uuid": "05511e3a-dcbb-440c-890e-d27b3b718d66",
                "parentUUID": "562e072f-a25b-4d8a-a171-ea72a843a1d8",
                "isHook": false,
                "skipped": false
              },
              {
                "title": "2, 解析false",
                "fullTitle": "parse测试 3）测试true,false,null 2, 解析false",
                "timedOut": false,
                "duration": 0,
                "state": "passed",
                "speed": "fast",
                "pass": true,
                "fail": false,
                "pending": false,
                "code": "cb = index_1.default.parse('false');\nchai_1.expect(cb()).to.eq(false);",
                "err": {},
                "isRoot": false,
                "uuid": "3e352bfe-4eec-4547-8c72-9dcbcd9c43bc",
                "parentUUID": "562e072f-a25b-4d8a-a171-ea72a843a1d8",
                "isHook": false,
                "skipped": false
              },
              {
                "title": "3, 解析null",
                "fullTitle": "parse测试 3）测试true,false,null 3, 解析null",
                "timedOut": false,
                "duration": 1,
                "state": "passed",
                "speed": "fast",
                "pass": true,
                "fail": false,
                "pending": false,
                "code": "cb = index_1.default.parse('null');\nchai_1.expect(cb()).to.eq(null);",
                "err": {},
                "isRoot": false,
                "uuid": "9dbdf5f0-3492-49d9-928a-146b442bd2b5",
                "parentUUID": "562e072f-a25b-4d8a-a171-ea72a843a1d8",
                "isHook": false,
                "skipped": false
              },
              {
                "title": "4, 解析undefined",
                "fullTitle": "parse测试 3）测试true,false,null 4, 解析undefined",
                "timedOut": false,
                "duration": 0,
                "state": "passed",
                "speed": "fast",
                "pass": true,
                "fail": false,
                "pending": false,
                "code": "cb = index_1.default.parse('undefined');\nchai_1.expect(cb()).to.eq(undefined);",
                "err": {},
                "isRoot": false,
                "uuid": "1e20c62d-dca4-41a7-8cfe-3d7cdc18aab3",
                "parentUUID": "562e072f-a25b-4d8a-a171-ea72a843a1d8",
                "isHook": false,
                "skipped": false
              }
            ],
            "failures": [],
            "skipped": [],
            "hasBeforeHooks": false,
            "hasAfterHooks": false,
            "hasTests": true,
            "hasSuites": false,
            "totalTests": 4,
            "totalPasses": 4,
            "totalFailures": 0,
            "totalPending": 0,
            "totalSkipped": 0,
            "hasPasses": true,
            "hasFailures": false,
            "hasPending": false,
            "hasSkipped": false,
            "duration": 2,
            "rootEmpty": false
          },
          {
            "title": "4）测试空格",
            "suites": [],
            "tests": [
              {
                "title": "1, 空格",
                "fullTitle": "parse测试 4）测试空格 1, 空格",
                "timedOut": false,
                "duration": 1,
                "state": "passed",
                "speed": "fast",
                "pass": true,
                "fail": false,
                "pending": false,
                "code": "cb = index_1.default.parse(' 12 ');\nchai_1.expect(cb()).to.eq(12);",
                "err": {},
                "isRoot": false,
                "uuid": "bf6b8b4d-28ab-46e5-8d2b-9e7e467a05ad",
                "parentUUID": "deb7545e-6062-4522-a55a-4b78f9d94543",
                "isHook": false,
                "skipped": false
              }
            ],
            "pending": [],
            "root": false,
            "_timeout": 2000,
            "file": "\\test\\parse_spec.ts",
            "uuid": "deb7545e-6062-4522-a55a-4b78f9d94543",
            "beforeHooks": [],
            "afterHooks": [],
            "fullFile": "D:\\CHEN.UI\\new\\Cpage.js\\test\\parse_spec.ts",
            "passes": [
              {
                "title": "1, 空格",
                "fullTitle": "parse测试 4）测试空格 1, 空格",
                "timedOut": false,
                "duration": 1,
                "state": "passed",
                "speed": "fast",
                "pass": true,
                "fail": false,
                "pending": false,
                "code": "cb = index_1.default.parse(' 12 ');\nchai_1.expect(cb()).to.eq(12);",
                "err": {},
                "isRoot": false,
                "uuid": "bf6b8b4d-28ab-46e5-8d2b-9e7e467a05ad",
                "parentUUID": "deb7545e-6062-4522-a55a-4b78f9d94543",
                "isHook": false,
                "skipped": false
              }
            ],
            "failures": [],
            "skipped": [],
            "hasBeforeHooks": false,
            "hasAfterHooks": false,
            "hasTests": true,
            "hasSuites": false,
            "totalTests": 1,
            "totalPasses": 1,
            "totalFailures": 0,
            "totalPending": 0,
            "totalSkipped": 0,
            "hasPasses": true,
            "hasFailures": false,
            "hasPending": false,
            "hasSkipped": false,
            "duration": 1,
            "rootEmpty": false
          },
          {
            "title": "5）测试数组",
            "suites": [],
            "tests": [
              {
                "title": "1, 空数组",
                "fullTitle": "parse测试 5）测试数组 1, 空数组",
                "timedOut": false,
                "duration": 1,
                "state": "passed",
                "speed": "fast",
                "pass": true,
                "fail": false,
                "pending": false,
                "code": "cb = index_1.default.parse('[]');\nchai_1.expect(cb()).to.deep.eq([]);",
                "err": {},
                "isRoot": false,
                "uuid": "77407b58-1854-4ace-941d-d56c1d42654b",
                "parentUUID": "6f76c59b-7a65-4bb0-9141-cc079c4a1f1f",
                "isHook": false,
                "skipped": false
              },
              {
                "title": "2, 非空数组-单个元素",
                "fullTitle": "parse测试 5）测试数组 2, 非空数组-单个元素",
                "timedOut": false,
                "duration": 1,
                "state": "passed",
                "speed": "fast",
                "pass": true,
                "fail": false,
                "pending": false,
                "code": "cb = index_1.default.parse('[12]');\nchai_1.expect(cb()).to.deep.eq([12]);",
                "err": {},
                "isRoot": false,
                "uuid": "20f53312-ac2b-4460-83f0-00255e4b1c06",
                "parentUUID": "6f76c59b-7a65-4bb0-9141-cc079c4a1f1f",
                "isHook": false,
                "skipped": false
              },
              {
                "title": "3, 非空数组-末尾有逗号",
                "fullTitle": "parse测试 5）测试数组 3, 非空数组-末尾有逗号",
                "timedOut": false,
                "duration": 1,
                "state": "passed",
                "speed": "fast",
                "pass": true,
                "fail": false,
                "pending": false,
                "code": "cb = index_1.default.parse('[12,]');\nchai_1.expect(cb()).to.deep.eq([12]);",
                "err": {},
                "isRoot": false,
                "uuid": "0067d295-45c1-4e87-b155-514a21f35145",
                "parentUUID": "6f76c59b-7a65-4bb0-9141-cc079c4a1f1f",
                "isHook": false,
                "skipped": false
              },
              {
                "title": "4, 非空数组-多个元素",
                "fullTitle": "parse测试 5）测试数组 4, 非空数组-多个元素",
                "timedOut": false,
                "duration": 2,
                "state": "passed",
                "speed": "fast",
                "pass": true,
                "fail": false,
                "pending": false,
                "code": "cb = index_1.default.parse('[12,23]');\nchai_1.expect(cb()).to.deep.eq([12, 23]);\nvar cb2 = index_1.default.parse('[\"ab\",\"cd\"]');\nchai_1.expect(cb2()).to.deep.eq([\"ab\", \"cd\"]);\nvar cb3 = index_1.default.parse(\"['ab']\");\nchai_1.expect(cb3()).to.deep.eq(['ab']);",
                "err": {},
                "isRoot": false,
                "uuid": "f024eb1a-6640-416d-9e41-e32201491923",
                "parentUUID": "6f76c59b-7a65-4bb0-9141-cc079c4a1f1f",
                "isHook": false,
                "skipped": false
              },
              {
                "title": "5, 非空数组-字符元素",
                "fullTitle": "parse测试 5）测试数组 5, 非空数组-字符元素",
                "timedOut": false,
                "duration": 1,
                "state": "passed",
                "speed": "fast",
                "pass": true,
                "fail": false,
                "pending": false,
                "code": "cb = index_1.default.parse('[1,\"abc\",[2,3]]');\nchai_1.expect(cb()).to.deep.eq([1, \"abc\", [2, 3]]);",
                "err": {},
                "isRoot": false,
                "uuid": "bbad1e86-54b5-46f6-aea0-39ed228f39d9",
                "parentUUID": "6f76c59b-7a65-4bb0-9141-cc079c4a1f1f",
                "isHook": false,
                "skipped": false
              },
              {
                "title": "6, 非空数组-数组嵌套",
                "fullTitle": "parse测试 5）测试数组 6, 非空数组-数组嵌套",
                "timedOut": false,
                "duration": 1,
                "state": "passed",
                "speed": "fast",
                "pass": true,
                "fail": false,
                "pending": false,
                "code": "cb = index_1.default.parse('[[1,[2,3]],\"abc\",[\"c\",\"d\"]]');\nchai_1.expect(cb()).to.deep.eq([[1, [2, 3]], \"abc\", [\"c\", \"d\"]]);",
                "err": {},
                "isRoot": false,
                "uuid": "bef47d34-3c7c-4adf-b740-dd0f2673d41b",
                "parentUUID": "6f76c59b-7a65-4bb0-9141-cc079c4a1f1f",
                "isHook": false,
                "skipped": false
              }
            ],
            "pending": [],
            "root": false,
            "_timeout": 2000,
            "file": "\\test\\parse_spec.ts",
            "uuid": "6f76c59b-7a65-4bb0-9141-cc079c4a1f1f",
            "beforeHooks": [],
            "afterHooks": [],
            "fullFile": "D:\\CHEN.UI\\new\\Cpage.js\\test\\parse_spec.ts",
            "passes": [
              {
                "title": "1, 空数组",
                "fullTitle": "parse测试 5）测试数组 1, 空数组",
                "timedOut": false,
                "duration": 1,
                "state": "passed",
                "speed": "fast",
                "pass": true,
                "fail": false,
                "pending": false,
                "code": "cb = index_1.default.parse('[]');\nchai_1.expect(cb()).to.deep.eq([]);",
                "err": {},
                "isRoot": false,
                "uuid": "77407b58-1854-4ace-941d-d56c1d42654b",
                "parentUUID": "6f76c59b-7a65-4bb0-9141-cc079c4a1f1f",
                "isHook": false,
                "skipped": false
              },
              {
                "title": "2, 非空数组-单个元素",
                "fullTitle": "parse测试 5）测试数组 2, 非空数组-单个元素",
                "timedOut": false,
                "duration": 1,
                "state": "passed",
                "speed": "fast",
                "pass": true,
                "fail": false,
                "pending": false,
                "code": "cb = index_1.default.parse('[12]');\nchai_1.expect(cb()).to.deep.eq([12]);",
                "err": {},
                "isRoot": false,
                "uuid": "20f53312-ac2b-4460-83f0-00255e4b1c06",
                "parentUUID": "6f76c59b-7a65-4bb0-9141-cc079c4a1f1f",
                "isHook": false,
                "skipped": false
              },
              {
                "title": "3, 非空数组-末尾有逗号",
                "fullTitle": "parse测试 5）测试数组 3, 非空数组-末尾有逗号",
                "timedOut": false,
                "duration": 1,
                "state": "passed",
                "speed": "fast",
                "pass": true,
                "fail": false,
                "pending": false,
                "code": "cb = index_1.default.parse('[12,]');\nchai_1.expect(cb()).to.deep.eq([12]);",
                "err": {},
                "isRoot": false,
                "uuid": "0067d295-45c1-4e87-b155-514a21f35145",
                "parentUUID": "6f76c59b-7a65-4bb0-9141-cc079c4a1f1f",
                "isHook": false,
                "skipped": false
              },
              {
                "title": "4, 非空数组-多个元素",
                "fullTitle": "parse测试 5）测试数组 4, 非空数组-多个元素",
                "timedOut": false,
                "duration": 2,
                "state": "passed",
                "speed": "fast",
                "pass": true,
                "fail": false,
                "pending": false,
                "code": "cb = index_1.default.parse('[12,23]');\nchai_1.expect(cb()).to.deep.eq([12, 23]);\nvar cb2 = index_1.default.parse('[\"ab\",\"cd\"]');\nchai_1.expect(cb2()).to.deep.eq([\"ab\", \"cd\"]);\nvar cb3 = index_1.default.parse(\"['ab']\");\nchai_1.expect(cb3()).to.deep.eq(['ab']);",
                "err": {},
                "isRoot": false,
                "uuid": "f024eb1a-6640-416d-9e41-e32201491923",
                "parentUUID": "6f76c59b-7a65-4bb0-9141-cc079c4a1f1f",
                "isHook": false,
                "skipped": false
              },
              {
                "title": "5, 非空数组-字符元素",
                "fullTitle": "parse测试 5）测试数组 5, 非空数组-字符元素",
                "timedOut": false,
                "duration": 1,
                "state": "passed",
                "speed": "fast",
                "pass": true,
                "fail": false,
                "pending": false,
                "code": "cb = index_1.default.parse('[1,\"abc\",[2,3]]');\nchai_1.expect(cb()).to.deep.eq([1, \"abc\", [2, 3]]);",
                "err": {},
                "isRoot": false,
                "uuid": "bbad1e86-54b5-46f6-aea0-39ed228f39d9",
                "parentUUID": "6f76c59b-7a65-4bb0-9141-cc079c4a1f1f",
                "isHook": false,
                "skipped": false
              },
              {
                "title": "6, 非空数组-数组嵌套",
                "fullTitle": "parse测试 5）测试数组 6, 非空数组-数组嵌套",
                "timedOut": false,
                "duration": 1,
                "state": "passed",
                "speed": "fast",
                "pass": true,
                "fail": false,
                "pending": false,
                "code": "cb = index_1.default.parse('[[1,[2,3]],\"abc\",[\"c\",\"d\"]]');\nchai_1.expect(cb()).to.deep.eq([[1, [2, 3]], \"abc\", [\"c\", \"d\"]]);",
                "err": {},
                "isRoot": false,
                "uuid": "bef47d34-3c7c-4adf-b740-dd0f2673d41b",
                "parentUUID": "6f76c59b-7a65-4bb0-9141-cc079c4a1f1f",
                "isHook": false,
                "skipped": false
              }
            ],
            "failures": [],
            "skipped": [],
            "hasBeforeHooks": false,
            "hasAfterHooks": false,
            "hasTests": true,
            "hasSuites": false,
            "totalTests": 6,
            "totalPasses": 6,
            "totalFailures": 0,
            "totalPending": 0,
            "totalSkipped": 0,
            "hasPasses": true,
            "hasFailures": false,
            "hasPending": false,
            "hasSkipped": false,
            "duration": 7,
            "rootEmpty": false
          },
          {
            "title": "6）测试对象",
            "suites": [],
            "tests": [
              {
                "title": "1, 空对象",
                "fullTitle": "parse测试 6）测试对象 1, 空对象",
                "timedOut": false,
                "duration": 1,
                "state": "passed",
                "speed": "fast",
                "pass": true,
                "fail": false,
                "pending": false,
                "code": "cb = index_1.default.parse('{}');\nchai_1.expect(cb()).to.deep.eq({});",
                "err": {},
                "isRoot": false,
                "uuid": "254a9ef4-667d-4a91-bf37-e86e3466ca0f",
                "parentUUID": "6a8b3978-a128-4468-9288-b04673c9113d",
                "isHook": false,
                "skipped": false
              },
              {
                "title": "2, 非空对象",
                "fullTitle": "parse测试 6）测试对象 2, 非空对象",
                "timedOut": false,
                "duration": 2,
                "state": "passed",
                "speed": "fast",
                "pass": true,
                "fail": false,
                "pending": false,
                "code": "cb = index_1.default.parse('{\"id\":1, \"flag\": true, \"arr\": [1,2]}');\nchai_1.expect(cb()).to.deep.eq({ \"id\": 1, \"flag\": true, \"arr\": [1, 2] });",
                "err": {},
                "isRoot": false,
                "uuid": "e2af648e-e66a-431a-b3fc-5f9321969064",
                "parentUUID": "6a8b3978-a128-4468-9288-b04673c9113d",
                "isHook": false,
                "skipped": false
              },
              {
                "title": "3, 非空对象",
                "fullTitle": "parse测试 6）测试对象 3, 非空对象",
                "timedOut": false,
                "duration": 1,
                "state": "passed",
                "speed": "fast",
                "pass": true,
                "fail": false,
                "pending": false,
                "code": "cb = index_1.default.parse('{a:1, b:[1,2]}');\nchai_1.expect(cb()).to.deep.eq({ a: 1, b: [1, 2] });",
                "err": {},
                "isRoot": false,
                "uuid": "af32d931-3c75-4942-89a8-d178328a9172",
                "parentUUID": "6a8b3978-a128-4468-9288-b04673c9113d",
                "isHook": false,
                "skipped": false
              }
            ],
            "pending": [],
            "root": false,
            "_timeout": 2000,
            "file": "\\test\\parse_spec.ts",
            "uuid": "6a8b3978-a128-4468-9288-b04673c9113d",
            "beforeHooks": [],
            "afterHooks": [],
            "fullFile": "D:\\CHEN.UI\\new\\Cpage.js\\test\\parse_spec.ts",
            "passes": [
              {
                "title": "1, 空对象",
                "fullTitle": "parse测试 6）测试对象 1, 空对象",
                "timedOut": false,
                "duration": 1,
                "state": "passed",
                "speed": "fast",
                "pass": true,
                "fail": false,
                "pending": false,
                "code": "cb = index_1.default.parse('{}');\nchai_1.expect(cb()).to.deep.eq({});",
                "err": {},
                "isRoot": false,
                "uuid": "254a9ef4-667d-4a91-bf37-e86e3466ca0f",
                "parentUUID": "6a8b3978-a128-4468-9288-b04673c9113d",
                "isHook": false,
                "skipped": false
              },
              {
                "title": "2, 非空对象",
                "fullTitle": "parse测试 6）测试对象 2, 非空对象",
                "timedOut": false,
                "duration": 2,
                "state": "passed",
                "speed": "fast",
                "pass": true,
                "fail": false,
                "pending": false,
                "code": "cb = index_1.default.parse('{\"id\":1, \"flag\": true, \"arr\": [1,2]}');\nchai_1.expect(cb()).to.deep.eq({ \"id\": 1, \"flag\": true, \"arr\": [1, 2] });",
                "err": {},
                "isRoot": false,
                "uuid": "e2af648e-e66a-431a-b3fc-5f9321969064",
                "parentUUID": "6a8b3978-a128-4468-9288-b04673c9113d",
                "isHook": false,
                "skipped": false
              },
              {
                "title": "3, 非空对象",
                "fullTitle": "parse测试 6）测试对象 3, 非空对象",
                "timedOut": false,
                "duration": 1,
                "state": "passed",
                "speed": "fast",
                "pass": true,
                "fail": false,
                "pending": false,
                "code": "cb = index_1.default.parse('{a:1, b:[1,2]}');\nchai_1.expect(cb()).to.deep.eq({ a: 1, b: [1, 2] });",
                "err": {},
                "isRoot": false,
                "uuid": "af32d931-3c75-4942-89a8-d178328a9172",
                "parentUUID": "6a8b3978-a128-4468-9288-b04673c9113d",
                "isHook": false,
                "skipped": false
              }
            ],
            "failures": [],
            "skipped": [],
            "hasBeforeHooks": false,
            "hasAfterHooks": false,
            "hasTests": true,
            "hasSuites": false,
            "totalTests": 3,
            "totalPasses": 3,
            "totalFailures": 0,
            "totalPending": 0,
            "totalSkipped": 0,
            "hasPasses": true,
            "hasFailures": false,
            "hasPending": false,
            "hasSkipped": false,
            "duration": 4,
            "rootEmpty": false
          },
          {
            "title": "7)测试属性赋值",
            "suites": [],
            "tests": [
              {
                "title": "1, 简单属性",
                "fullTitle": "parse测试 7)测试属性赋值 1, 简单属性",
                "timedOut": false,
                "duration": 1,
                "state": "passed",
                "speed": "fast",
                "pass": true,
                "fail": false,
                "pending": false,
                "code": "cb = index_1.default.parse('a');\nvar cb2 = index_1.default.parse('b');\nvar cb3 = index_1.default.parse('c');\nchai_1.expect(cb({ a: 12, b: 1 })).to.eq(12);\n// expect(cb({})).to.be.undefined;\nchai_1.expect(cb2({ b: 12 })).to.eq(12);\nchai_1.expect(cb3({ c: 12 })).to.eq(12);",
                "err": {},
                "isRoot": false,
                "uuid": "0cc3b6ed-2a2f-4297-a9c8-394330a9ee9a",
                "parentUUID": "811cca07-0336-4ae5-8ccf-01c37a945e6d",
                "isHook": false,
                "skipped": false
              },
              {
                "title": "2, 简单属性",
                "fullTitle": "parse测试 7)测试属性赋值 2, 简单属性",
                "timedOut": false,
                "duration": 1,
                "state": "passed",
                "speed": "fast",
                "pass": true,
                "fail": false,
                "pending": false,
                "code": "cb = index_1.default.parse('a');\n// expect(cb()).to.be.undefined;",
                "err": {},
                "isRoot": false,
                "uuid": "d17522a4-2729-4974-896e-972c5c87c86b",
                "parentUUID": "811cca07-0336-4ae5-8ccf-01c37a945e6d",
                "isHook": false,
                "skipped": false
              },
              {
                "title": "3, 测试this",
                "fullTitle": "parse测试 7)测试属性赋值 3, 测试this",
                "timedOut": false,
                "duration": 0,
                "state": "passed",
                "speed": "fast",
                "pass": true,
                "fail": false,
                "pending": false,
                "code": "cb = index_1.default.parse('this');\nvar obj = {};\nchai_1.expect(cb(obj)).to.eq(obj);",
                "err": {},
                "isRoot": false,
                "uuid": "b86a9097-0cbd-475e-9b8b-472aa6896505",
                "parentUUID": "811cca07-0336-4ae5-8ccf-01c37a945e6d",
                "isHook": false,
                "skipped": false
              },
              {
                "title": "4, 多属性",
                "fullTitle": "parse测试 7)测试属性赋值 4, 多属性",
                "timedOut": false,
                "duration": 1,
                "state": "passed",
                "speed": "fast",
                "pass": true,
                "fail": false,
                "pending": false,
                "code": "cb = index_1.default.parse('a.b');\nchai_1.expect(cb({ a: { b: 1 } })).to.eq(1);",
                "err": {},
                "isRoot": false,
                "uuid": "4f6e5633-dc0f-4810-92e6-5c87bd6fedc7",
                "parentUUID": "811cca07-0336-4ae5-8ccf-01c37a945e6d",
                "isHook": false,
                "skipped": false
              },
              {
                "title": "5, 多属性",
                "fullTitle": "parse测试 7)测试属性赋值 5, 多属性",
                "timedOut": false,
                "duration": 1,
                "state": "passed",
                "speed": "fast",
                "pass": true,
                "fail": false,
                "pending": false,
                "code": "cb = index_1.default.parse('a.b.c');\nchai_1.expect(cb({ a: { b: { c: 1 } } })).to.eq(1);",
                "err": {},
                "isRoot": false,
                "uuid": "40c03960-6f1a-4abb-acb7-5329e0f646ec",
                "parentUUID": "811cca07-0336-4ae5-8ccf-01c37a945e6d",
                "isHook": false,
                "skipped": false
              }
            ],
            "pending": [],
            "root": false,
            "_timeout": 2000,
            "file": "\\test\\parse_spec.ts",
            "uuid": "811cca07-0336-4ae5-8ccf-01c37a945e6d",
            "beforeHooks": [],
            "afterHooks": [],
            "fullFile": "D:\\CHEN.UI\\new\\Cpage.js\\test\\parse_spec.ts",
            "passes": [
              {
                "title": "1, 简单属性",
                "fullTitle": "parse测试 7)测试属性赋值 1, 简单属性",
                "timedOut": false,
                "duration": 1,
                "state": "passed",
                "speed": "fast",
                "pass": true,
                "fail": false,
                "pending": false,
                "code": "cb = index_1.default.parse('a');\nvar cb2 = index_1.default.parse('b');\nvar cb3 = index_1.default.parse('c');\nchai_1.expect(cb({ a: 12, b: 1 })).to.eq(12);\n// expect(cb({})).to.be.undefined;\nchai_1.expect(cb2({ b: 12 })).to.eq(12);\nchai_1.expect(cb3({ c: 12 })).to.eq(12);",
                "err": {},
                "isRoot": false,
                "uuid": "0cc3b6ed-2a2f-4297-a9c8-394330a9ee9a",
                "parentUUID": "811cca07-0336-4ae5-8ccf-01c37a945e6d",
                "isHook": false,
                "skipped": false
              },
              {
                "title": "2, 简单属性",
                "fullTitle": "parse测试 7)测试属性赋值 2, 简单属性",
                "timedOut": false,
                "duration": 1,
                "state": "passed",
                "speed": "fast",
                "pass": true,
                "fail": false,
                "pending": false,
                "code": "cb = index_1.default.parse('a');\n// expect(cb()).to.be.undefined;",
                "err": {},
                "isRoot": false,
                "uuid": "d17522a4-2729-4974-896e-972c5c87c86b",
                "parentUUID": "811cca07-0336-4ae5-8ccf-01c37a945e6d",
                "isHook": false,
                "skipped": false
              },
              {
                "title": "3, 测试this",
                "fullTitle": "parse测试 7)测试属性赋值 3, 测试this",
                "timedOut": false,
                "duration": 0,
                "state": "passed",
                "speed": "fast",
                "pass": true,
                "fail": false,
                "pending": false,
                "code": "cb = index_1.default.parse('this');\nvar obj = {};\nchai_1.expect(cb(obj)).to.eq(obj);",
                "err": {},
                "isRoot": false,
                "uuid": "b86a9097-0cbd-475e-9b8b-472aa6896505",
                "parentUUID": "811cca07-0336-4ae5-8ccf-01c37a945e6d",
                "isHook": false,
                "skipped": false
              },
              {
                "title": "4, 多属性",
                "fullTitle": "parse测试 7)测试属性赋值 4, 多属性",
                "timedOut": false,
                "duration": 1,
                "state": "passed",
                "speed": "fast",
                "pass": true,
                "fail": false,
                "pending": false,
                "code": "cb = index_1.default.parse('a.b');\nchai_1.expect(cb({ a: { b: 1 } })).to.eq(1);",
                "err": {},
                "isRoot": false,
                "uuid": "4f6e5633-dc0f-4810-92e6-5c87bd6fedc7",
                "parentUUID": "811cca07-0336-4ae5-8ccf-01c37a945e6d",
                "isHook": false,
                "skipped": false
              },
              {
                "title": "5, 多属性",
                "fullTitle": "parse测试 7)测试属性赋值 5, 多属性",
                "timedOut": false,
                "duration": 1,
                "state": "passed",
                "speed": "fast",
                "pass": true,
                "fail": false,
                "pending": false,
                "code": "cb = index_1.default.parse('a.b.c');\nchai_1.expect(cb({ a: { b: { c: 1 } } })).to.eq(1);",
                "err": {},
                "isRoot": false,
                "uuid": "40c03960-6f1a-4abb-acb7-5329e0f646ec",
                "parentUUID": "811cca07-0336-4ae5-8ccf-01c37a945e6d",
                "isHook": false,
                "skipped": false
              }
            ],
            "failures": [],
            "skipped": [],
            "hasBeforeHooks": false,
            "hasAfterHooks": false,
            "hasTests": true,
            "hasSuites": false,
            "totalTests": 5,
            "totalPasses": 5,
            "totalFailures": 0,
            "totalPending": 0,
            "totalSkipped": 0,
            "hasPasses": true,
            "hasFailures": false,
            "hasPending": false,
            "hasSkipped": false,
            "duration": 4,
            "rootEmpty": false
          },
          {
            "title": "8)测试locals数据",
            "suites": [],
            "tests": [
              {
                "title": "1, locals数据",
                "fullTitle": "parse测试 8)测试locals数据 1, locals数据",
                "timedOut": false,
                "duration": 0,
                "state": "passed",
                "speed": "fast",
                "pass": true,
                "fail": false,
                "pending": false,
                "code": "cb = index_1.default.parse('a');\nvar scope = { a: 1 };\nvar local = { b: 2 };\nchai_1.expect(cb(scope, local)).to.eq(1);",
                "err": {},
                "isRoot": false,
                "uuid": "3edc013f-96b2-4c46-a2d1-8a15717f67d5",
                "parentUUID": "1fdaa37c-526a-475a-9303-4fc405389e5f",
                "isHook": false,
                "skipped": false
              },
              {
                "title": "2, locals数据",
                "fullTitle": "parse测试 8)测试locals数据 2, locals数据",
                "timedOut": false,
                "duration": 0,
                "state": "passed",
                "speed": "fast",
                "pass": true,
                "fail": false,
                "pending": false,
                "code": "cb = index_1.default.parse('a.b');\nvar scope = { a: { b: 1 } };\nvar local = { a: { b: 2 } };\nchai_1.expect(cb(scope, local)).to.eq(2);",
                "err": {},
                "isRoot": false,
                "uuid": "3ad5bb28-5ecd-4e77-baca-825e84ae1afc",
                "parentUUID": "1fdaa37c-526a-475a-9303-4fc405389e5f",
                "isHook": false,
                "skipped": false
              }
            ],
            "pending": [],
            "root": false,
            "_timeout": 2000,
            "file": "\\test\\parse_spec.ts",
            "uuid": "1fdaa37c-526a-475a-9303-4fc405389e5f",
            "beforeHooks": [],
            "afterHooks": [],
            "fullFile": "D:\\CHEN.UI\\new\\Cpage.js\\test\\parse_spec.ts",
            "passes": [
              {
                "title": "1, locals数据",
                "fullTitle": "parse测试 8)测试locals数据 1, locals数据",
                "timedOut": false,
                "duration": 0,
                "state": "passed",
                "speed": "fast",
                "pass": true,
                "fail": false,
                "pending": false,
                "code": "cb = index_1.default.parse('a');\nvar scope = { a: 1 };\nvar local = { b: 2 };\nchai_1.expect(cb(scope, local)).to.eq(1);",
                "err": {},
                "isRoot": false,
                "uuid": "3edc013f-96b2-4c46-a2d1-8a15717f67d5",
                "parentUUID": "1fdaa37c-526a-475a-9303-4fc405389e5f",
                "isHook": false,
                "skipped": false
              },
              {
                "title": "2, locals数据",
                "fullTitle": "parse测试 8)测试locals数据 2, locals数据",
                "timedOut": false,
                "duration": 0,
                "state": "passed",
                "speed": "fast",
                "pass": true,
                "fail": false,
                "pending": false,
                "code": "cb = index_1.default.parse('a.b');\nvar scope = { a: { b: 1 } };\nvar local = { a: { b: 2 } };\nchai_1.expect(cb(scope, local)).to.eq(2);",
                "err": {},
                "isRoot": false,
                "uuid": "3ad5bb28-5ecd-4e77-baca-825e84ae1afc",
                "parentUUID": "1fdaa37c-526a-475a-9303-4fc405389e5f",
                "isHook": false,
                "skipped": false
              }
            ],
            "failures": [],
            "skipped": [],
            "hasBeforeHooks": false,
            "hasAfterHooks": false,
            "hasTests": true,
            "hasSuites": false,
            "totalTests": 2,
            "totalPasses": 2,
            "totalFailures": 0,
            "totalPending": 0,
            "totalSkipped": 0,
            "hasPasses": true,
            "hasFailures": false,
            "hasPending": false,
            "hasSkipped": false,
            "duration": 0,
            "rootEmpty": false
          },
          {
            "title": "9)方括号形式属性",
            "suites": [],
            "tests": [
              {
                "title": "1, 方括号",
                "fullTitle": "parse测试 9)方括号形式属性 1, 方括号",
                "timedOut": false,
                "duration": 1,
                "state": "passed",
                "speed": "fast",
                "pass": true,
                "fail": false,
                "pending": false,
                "code": "cb = index_1.default.parse('a[\"b\"]');\nchai_1.expect(cb({ a: { b: 1 } })).to.eq(1);",
                "err": {},
                "isRoot": false,
                "uuid": "603e4179-e52c-4cf7-9847-d659d10c1ea8",
                "parentUUID": "597bef54-35e9-40f5-8292-f5e539371b81",
                "isHook": false,
                "skipped": false
              },
              {
                "title": "2, 方括号",
                "fullTitle": "parse测试 9)方括号形式属性 2, 方括号",
                "timedOut": false,
                "duration": 0,
                "state": "passed",
                "speed": "fast",
                "pass": true,
                "fail": false,
                "pending": false,
                "code": "cb = index_1.default.parse('a[1]');\nchai_1.expect(cb({ a: [1, 2] })).to.eq(2);",
                "err": {},
                "isRoot": false,
                "uuid": "73650a9d-44c1-4ac4-8cf6-b2603dc7a3a2",
                "parentUUID": "597bef54-35e9-40f5-8292-f5e539371b81",
                "isHook": false,
                "skipped": false
              },
              {
                "title": "3, 方括号",
                "fullTitle": "parse测试 9)方括号形式属性 3, 方括号",
                "timedOut": false,
                "duration": 0,
                "state": "passed",
                "speed": "fast",
                "pass": true,
                "fail": false,
                "pending": false,
                "code": "cb = index_1.default.parse('b[a]');\nchai_1.expect(cb({ a: 'a1', b: { a1: 10 } })).to.eq(10);",
                "err": {},
                "isRoot": false,
                "uuid": "97a0c62a-7f9b-49b0-9db0-f84e7b800930",
                "parentUUID": "597bef54-35e9-40f5-8292-f5e539371b81",
                "isHook": false,
                "skipped": false
              }
            ],
            "pending": [],
            "root": false,
            "_timeout": 2000,
            "file": "\\test\\parse_spec.ts",
            "uuid": "597bef54-35e9-40f5-8292-f5e539371b81",
            "beforeHooks": [],
            "afterHooks": [],
            "fullFile": "D:\\CHEN.UI\\new\\Cpage.js\\test\\parse_spec.ts",
            "passes": [
              {
                "title": "1, 方括号",
                "fullTitle": "parse测试 9)方括号形式属性 1, 方括号",
                "timedOut": false,
                "duration": 1,
                "state": "passed",
                "speed": "fast",
                "pass": true,
                "fail": false,
                "pending": false,
                "code": "cb = index_1.default.parse('a[\"b\"]');\nchai_1.expect(cb({ a: { b: 1 } })).to.eq(1);",
                "err": {},
                "isRoot": false,
                "uuid": "603e4179-e52c-4cf7-9847-d659d10c1ea8",
                "parentUUID": "597bef54-35e9-40f5-8292-f5e539371b81",
                "isHook": false,
                "skipped": false
              },
              {
                "title": "2, 方括号",
                "fullTitle": "parse测试 9)方括号形式属性 2, 方括号",
                "timedOut": false,
                "duration": 0,
                "state": "passed",
                "speed": "fast",
                "pass": true,
                "fail": false,
                "pending": false,
                "code": "cb = index_1.default.parse('a[1]');\nchai_1.expect(cb({ a: [1, 2] })).to.eq(2);",
                "err": {},
                "isRoot": false,
                "uuid": "73650a9d-44c1-4ac4-8cf6-b2603dc7a3a2",
                "parentUUID": "597bef54-35e9-40f5-8292-f5e539371b81",
                "isHook": false,
                "skipped": false
              },
              {
                "title": "3, 方括号",
                "fullTitle": "parse测试 9)方括号形式属性 3, 方括号",
                "timedOut": false,
                "duration": 0,
                "state": "passed",
                "speed": "fast",
                "pass": true,
                "fail": false,
                "pending": false,
                "code": "cb = index_1.default.parse('b[a]');\nchai_1.expect(cb({ a: 'a1', b: { a1: 10 } })).to.eq(10);",
                "err": {},
                "isRoot": false,
                "uuid": "97a0c62a-7f9b-49b0-9db0-f84e7b800930",
                "parentUUID": "597bef54-35e9-40f5-8292-f5e539371b81",
                "isHook": false,
                "skipped": false
              }
            ],
            "failures": [],
            "skipped": [],
            "hasBeforeHooks": false,
            "hasAfterHooks": false,
            "hasTests": true,
            "hasSuites": false,
            "totalTests": 3,
            "totalPasses": 3,
            "totalFailures": 0,
            "totalPending": 0,
            "totalSkipped": 0,
            "hasPasses": true,
            "hasFailures": false,
            "hasPending": false,
            "hasSkipped": false,
            "duration": 1,
            "rootEmpty": false
          },
          {
            "title": "10)测试函数",
            "suites": [],
            "tests": [
              {
                "title": "1, 函数",
                "fullTitle": "parse测试 10)测试函数 1, 函数",
                "timedOut": false,
                "duration": 0,
                "state": "passed",
                "speed": "fast",
                "pass": true,
                "fail": false,
                "pending": false,
                "code": "cb = index_1.default.parse('a()');\nchai_1.expect(cb({ a: function () { return 123; } })).to.eq(123);",
                "err": {},
                "isRoot": false,
                "uuid": "e09949a8-6e94-4349-9480-6d6552a3f2a5",
                "parentUUID": "b65239cd-2c37-420d-9701-80c0da85d8b6",
                "isHook": false,
                "skipped": false
              },
              {
                "title": "2, 函数传参数",
                "fullTitle": "parse测试 10)测试函数 2, 函数传参数",
                "timedOut": false,
                "duration": 0,
                "state": "passed",
                "speed": "fast",
                "pass": true,
                "fail": false,
                "pending": false,
                "code": "cb = index_1.default.parse('a(123)');\nchai_1.expect(cb({ a: function (str) { return str; } })).to.eq(123);",
                "err": {},
                "isRoot": false,
                "uuid": "ecc8fc0c-5f64-43cc-ad45-d44682d8fa38",
                "parentUUID": "b65239cd-2c37-420d-9701-80c0da85d8b6",
                "isHook": false,
                "skipped": false
              },
              {
                "title": "3, 函数传参数",
                "fullTitle": "parse测试 10)测试函数 3, 函数传参数",
                "timedOut": false,
                "duration": 1,
                "state": "passed",
                "speed": "fast",
                "pass": true,
                "fail": false,
                "pending": false,
                "code": "cb = index_1.default.parse('a(n)');\nchai_1.expect(cb({ n: 123, a: function (str) { return str; } })).to.eq(123);",
                "err": {},
                "isRoot": false,
                "uuid": "e03148d0-4083-4f14-bfd3-5358eaeeba4b",
                "parentUUID": "b65239cd-2c37-420d-9701-80c0da85d8b6",
                "isHook": false,
                "skipped": false
              },
              {
                "title": "4, 函数",
                "fullTitle": "parse测试 10)测试函数 4, 函数",
                "timedOut": false,
                "duration": 1,
                "state": "passed",
                "speed": "fast",
                "pass": true,
                "fail": false,
                "pending": false,
                "code": "var obj = {\n    a: {\n        b: 12,\n        c: function () {\n            return this.b;\n        }\n    }\n};\nchai_1.expect(index_1.default.parse('a[\"c\"]()')(obj));\nchai_1.expect(index_1.default.parse('a.c()')(obj));",
                "err": {},
                "isRoot": false,
                "uuid": "25599af6-29a2-424c-93ef-c8b44d381fbf",
                "parentUUID": "b65239cd-2c37-420d-9701-80c0da85d8b6",
                "isHook": false,
                "skipped": false
              },
              {
                "title": "5, this",
                "fullTitle": "parse测试 10)测试函数 5, this",
                "timedOut": false,
                "duration": 1,
                "state": "passed",
                "speed": "fast",
                "pass": true,
                "fail": false,
                "pending": false,
                "code": "var obj = {\n    a: function () { return this; }\n};\nchai_1.expect(index_1.default.parse('a()')(obj)).to.deep.equal(obj);",
                "err": {},
                "isRoot": false,
                "uuid": "d260589c-cf55-4358-8dc3-bfed43526524",
                "parentUUID": "b65239cd-2c37-420d-9701-80c0da85d8b6",
                "isHook": false,
                "skipped": false
              }
            ],
            "pending": [],
            "root": false,
            "_timeout": 2000,
            "file": "\\test\\parse_spec.ts",
            "uuid": "b65239cd-2c37-420d-9701-80c0da85d8b6",
            "beforeHooks": [],
            "afterHooks": [],
            "fullFile": "D:\\CHEN.UI\\new\\Cpage.js\\test\\parse_spec.ts",
            "passes": [
              {
                "title": "1, 函数",
                "fullTitle": "parse测试 10)测试函数 1, 函数",
                "timedOut": false,
                "duration": 0,
                "state": "passed",
                "speed": "fast",
                "pass": true,
                "fail": false,
                "pending": false,
                "code": "cb = index_1.default.parse('a()');\nchai_1.expect(cb({ a: function () { return 123; } })).to.eq(123);",
                "err": {},
                "isRoot": false,
                "uuid": "e09949a8-6e94-4349-9480-6d6552a3f2a5",
                "parentUUID": "b65239cd-2c37-420d-9701-80c0da85d8b6",
                "isHook": false,
                "skipped": false
              },
              {
                "title": "2, 函数传参数",
                "fullTitle": "parse测试 10)测试函数 2, 函数传参数",
                "timedOut": false,
                "duration": 0,
                "state": "passed",
                "speed": "fast",
                "pass": true,
                "fail": false,
                "pending": false,
                "code": "cb = index_1.default.parse('a(123)');\nchai_1.expect(cb({ a: function (str) { return str; } })).to.eq(123);",
                "err": {},
                "isRoot": false,
                "uuid": "ecc8fc0c-5f64-43cc-ad45-d44682d8fa38",
                "parentUUID": "b65239cd-2c37-420d-9701-80c0da85d8b6",
                "isHook": false,
                "skipped": false
              },
              {
                "title": "3, 函数传参数",
                "fullTitle": "parse测试 10)测试函数 3, 函数传参数",
                "timedOut": false,
                "duration": 1,
                "state": "passed",
                "speed": "fast",
                "pass": true,
                "fail": false,
                "pending": false,
                "code": "cb = index_1.default.parse('a(n)');\nchai_1.expect(cb({ n: 123, a: function (str) { return str; } })).to.eq(123);",
                "err": {},
                "isRoot": false,
                "uuid": "e03148d0-4083-4f14-bfd3-5358eaeeba4b",
                "parentUUID": "b65239cd-2c37-420d-9701-80c0da85d8b6",
                "isHook": false,
                "skipped": false
              },
              {
                "title": "4, 函数",
                "fullTitle": "parse测试 10)测试函数 4, 函数",
                "timedOut": false,
                "duration": 1,
                "state": "passed",
                "speed": "fast",
                "pass": true,
                "fail": false,
                "pending": false,
                "code": "var obj = {\n    a: {\n        b: 12,\n        c: function () {\n            return this.b;\n        }\n    }\n};\nchai_1.expect(index_1.default.parse('a[\"c\"]()')(obj));\nchai_1.expect(index_1.default.parse('a.c()')(obj));",
                "err": {},
                "isRoot": false,
                "uuid": "25599af6-29a2-424c-93ef-c8b44d381fbf",
                "parentUUID": "b65239cd-2c37-420d-9701-80c0da85d8b6",
                "isHook": false,
                "skipped": false
              },
              {
                "title": "5, this",
                "fullTitle": "parse测试 10)测试函数 5, this",
                "timedOut": false,
                "duration": 1,
                "state": "passed",
                "speed": "fast",
                "pass": true,
                "fail": false,
                "pending": false,
                "code": "var obj = {\n    a: function () { return this; }\n};\nchai_1.expect(index_1.default.parse('a()')(obj)).to.deep.equal(obj);",
                "err": {},
                "isRoot": false,
                "uuid": "d260589c-cf55-4358-8dc3-bfed43526524",
                "parentUUID": "b65239cd-2c37-420d-9701-80c0da85d8b6",
                "isHook": false,
                "skipped": false
              }
            ],
            "failures": [],
            "skipped": [],
            "hasBeforeHooks": false,
            "hasAfterHooks": false,
            "hasTests": true,
            "hasSuites": false,
            "totalTests": 5,
            "totalPasses": 5,
            "totalFailures": 0,
            "totalPending": 0,
            "totalSkipped": 0,
            "hasPasses": true,
            "hasFailures": false,
            "hasPending": false,
            "hasSkipped": false,
            "duration": 3,
            "rootEmpty": false
          },
          {
            "title": "11)测试赋值",
            "suites": [],
            "tests": [
              {
                "title": "1,简单属性值",
                "fullTitle": "parse测试 11)测试赋值 1,简单属性值",
                "timedOut": false,
                "duration": 3,
                "state": "passed",
                "speed": "fast",
                "pass": true,
                "fail": false,
                "pending": false,
                "code": "cb = index_1.default.parse('a=12');\nvar obj = {};\ncb(obj);\nchai_1.expect(obj['a']).to.eq(12);",
                "err": {},
                "isRoot": false,
                "uuid": "bec671ac-07b0-42c3-9693-d78c8fb43dda",
                "parentUUID": "a78ea151-7eb0-4dec-bf80-eb2f8cf6a51e",
                "isHook": false,
                "skipped": false
              },
              {
                "title": "2,简单属性值",
                "fullTitle": "parse测试 11)测试赋值 2,简单属性值",
                "timedOut": false,
                "duration": 1,
                "state": "passed",
                "speed": "fast",
                "pass": true,
                "fail": false,
                "pending": false,
                "code": "cb = index_1.default.parse('a.b=12');\nvar obj = { a: {} };\ncb(obj);\nchai_1.expect(obj['a']['b']).to.eq(12);",
                "err": {},
                "isRoot": false,
                "uuid": "fcb2cdb0-74ed-4563-8e52-32be7da59c88",
                "parentUUID": "a78ea151-7eb0-4dec-bf80-eb2f8cf6a51e",
                "isHook": false,
                "skipped": false
              },
              {
                "title": "3,简单属性值",
                "fullTitle": "parse测试 11)测试赋值 3,简单属性值",
                "timedOut": false,
                "duration": 1,
                "state": "passed",
                "speed": "fast",
                "pass": true,
                "fail": false,
                "pending": false,
                "code": "cb = index_1.default.parse('a.b.c=12');\nvar obj = {};\ncb(obj);\nchai_1.expect(obj['a']['b']['c']).to.eq(12);",
                "err": {},
                "isRoot": false,
                "uuid": "eae884f7-15f4-4e1a-b167-39b4fe731c95",
                "parentUUID": "a78ea151-7eb0-4dec-bf80-eb2f8cf6a51e",
                "isHook": false,
                "skipped": false
              }
            ],
            "pending": [],
            "root": false,
            "_timeout": 2000,
            "file": "\\test\\parse_spec.ts",
            "uuid": "a78ea151-7eb0-4dec-bf80-eb2f8cf6a51e",
            "beforeHooks": [],
            "afterHooks": [],
            "fullFile": "D:\\CHEN.UI\\new\\Cpage.js\\test\\parse_spec.ts",
            "passes": [
              {
                "title": "1,简单属性值",
                "fullTitle": "parse测试 11)测试赋值 1,简单属性值",
                "timedOut": false,
                "duration": 3,
                "state": "passed",
                "speed": "fast",
                "pass": true,
                "fail": false,
                "pending": false,
                "code": "cb = index_1.default.parse('a=12');\nvar obj = {};\ncb(obj);\nchai_1.expect(obj['a']).to.eq(12);",
                "err": {},
                "isRoot": false,
                "uuid": "bec671ac-07b0-42c3-9693-d78c8fb43dda",
                "parentUUID": "a78ea151-7eb0-4dec-bf80-eb2f8cf6a51e",
                "isHook": false,
                "skipped": false
              },
              {
                "title": "2,简单属性值",
                "fullTitle": "parse测试 11)测试赋值 2,简单属性值",
                "timedOut": false,
                "duration": 1,
                "state": "passed",
                "speed": "fast",
                "pass": true,
                "fail": false,
                "pending": false,
                "code": "cb = index_1.default.parse('a.b=12');\nvar obj = { a: {} };\ncb(obj);\nchai_1.expect(obj['a']['b']).to.eq(12);",
                "err": {},
                "isRoot": false,
                "uuid": "fcb2cdb0-74ed-4563-8e52-32be7da59c88",
                "parentUUID": "a78ea151-7eb0-4dec-bf80-eb2f8cf6a51e",
                "isHook": false,
                "skipped": false
              },
              {
                "title": "3,简单属性值",
                "fullTitle": "parse测试 11)测试赋值 3,简单属性值",
                "timedOut": false,
                "duration": 1,
                "state": "passed",
                "speed": "fast",
                "pass": true,
                "fail": false,
                "pending": false,
                "code": "cb = index_1.default.parse('a.b.c=12');\nvar obj = {};\ncb(obj);\nchai_1.expect(obj['a']['b']['c']).to.eq(12);",
                "err": {},
                "isRoot": false,
                "uuid": "eae884f7-15f4-4e1a-b167-39b4fe731c95",
                "parentUUID": "a78ea151-7eb0-4dec-bf80-eb2f8cf6a51e",
                "isHook": false,
                "skipped": false
              }
            ],
            "failures": [],
            "skipped": [],
            "hasBeforeHooks": false,
            "hasAfterHooks": false,
            "hasTests": true,
            "hasSuites": false,
            "totalTests": 3,
            "totalPasses": 3,
            "totalFailures": 0,
            "totalPending": 0,
            "totalSkipped": 0,
            "hasPasses": true,
            "hasFailures": false,
            "hasPending": false,
            "hasSkipped": false,
            "duration": 5,
            "rootEmpty": false
          },
          {
            "title": "12)安全的属性名",
            "suites": [],
            "tests": [
              {
                "title": "1,测试constructor",
                "fullTitle": "parse测试 12)安全的属性名 1,测试constructor",
                "timedOut": false,
                "duration": 1,
                "state": "passed",
                "speed": "fast",
                "pass": true,
                "fail": false,
                "pending": false,
                "code": "var fn = function () {\n    return index_1.default.parse('a.constructor')({ a: {} });\n};\nchai_1.expect(fn).to.throw(Error);",
                "err": {},
                "isRoot": false,
                "uuid": "459cfa1c-c384-41a3-bb3c-f62e9942f08b",
                "parentUUID": "6abce04f-681d-469e-9685-e2c6a7ff86b3",
                "isHook": false,
                "skipped": false
              },
              {
                "title": "2,测试__defineGetter__",
                "fullTitle": "parse测试 12)安全的属性名 2,测试__defineGetter__",
[...]
    },
    {
      "title": "3,data实例首先被注册",
      "fullTitle": "7),provider第二个接收构造函数 3,data实例首先被注册",
      "timedOut": false,
      "duration": 0,
      "state": "passed",
      "speed": "fast",
      "pass": true,
      "fail": false,
      "pending": false,
      "code": "var app = loader.module('app', []);\napp.provider('a', function Test() {\n    this.$get = function (b) {\n        return b;\n    };\n});\napp.data('b', 123);\nvar ins = inject.inject(['app']);\nchai_1.expect(ins.get('a')).to.eq(123);",
      "err": {},
      "isRoot": false,
      "uuid": "0a06cc1d-2a03-43d2-a905-2acd60d7e0bb",
      "parentUUID": "8039785d-b3be-433b-9652-8d89a30596cc",
      "isHook": false,
      "skipped": false
    },
    {
      "title": "1,$injector",
      "fullTitle": "8),高阶依赖注入 1,$injector",
      "timedOut": false,
      "duration": 0,
      "state": "passed",
      "speed": "fast",
      "pass": true,
      "fail": false,
      "pending": false,
      "code": "var app = loader.module('myapp', []);\napp.data('a', 1);\napp.provider('one', function test() {\n    this.$get = function ($injector) {\n        return $injector.get('a');\n    };\n});\nvar ins = inject.inject(['myapp']);\nchai_1.expect(ins.get('one')).to.eq(1);\ndone();",
      "err": {},
      "isRoot": false,
      "uuid": "505eba33-f11f-4bb8-9213-593d142049c5",
      "parentUUID": "8b6f2457-53da-4573-a891-df76ca589c9b",
      "isHook": false,
      "skipped": false
    },
    {
      "title": "2,$injector",
      "fullTitle": "8),高阶依赖注入 2,$injector",
      "timedOut": false,
      "duration": 0,
      "state": "passed",
      "speed": "fast",
      "pass": true,
      "fail": false,
      "pending": false,
      "code": "var app = loader.module('myapp', []);\napp.provider('a', function () {\n    this.val = 'aa';\n    this.$get = function ($injector) {\n        return this.val;\n    };\n});\napp.provider('b', function ($injector) {\n    var a = $injector.get('aProvider');\n    this.$get = function () {\n        return a.val;\n    };\n});\nvar ins = inject.inject(['myapp']);\nchai_1.expect(ins.get('b')).to.eq('aa');\ndone();",
      "err": {},
      "isRoot": false,
      "uuid": "256ba9d2-8203-47c9-92e3-eba9e89feea4",
      "parentUUID": "8b6f2457-53da-4573-a891-df76ca589c9b",
      "isHook": false,
      "skipped": false
    },
    {
      "title": "3,$provider",
      "fullTitle": "8),高阶依赖注入 3,$provider",
      "timedOut": false,
      "duration": 0,
      "state": "passed",
      "speed": "fast",
      "pass": true,
      "fail": false,
      "pending": false,
      "code": "var app = loader.module('myapp', []);\napp.provider('one', function test($provider) {\n    $provider.data('a', 1);\n    this.$get = function (a) {\n        return a;\n    };\n});\nvar ins = inject.inject(['myapp']);\nchai_1.expect(ins.get('one')).to.eq(1);\ndone();",
      "err": {},
      "isRoot": false,
      "uuid": "9e31a92a-32b4-4a60-9d24-c1be7c1f8179",
      "parentUUID": "8b6f2457-53da-4573-a891-df76ca589c9b",
      "isHook": false,
      "skipped": false
    },
    {
      "title": "4,$provider",
      "fullTitle": "8),高阶依赖注入 4,$provider",
      "timedOut": false,
      "duration": 0,
      "state": "passed",
      "speed": "fast",
      "pass": true,
      "fail": false,
      "pending": false,
      "code": "var app = loader.module('myapp', []);\napp.provider('one', function test() {\n    // this.$get = function($provider){\n    //     $provider.data('a',1)\n    // }\n});\nvar ins = inject.inject(['myapp']);\n// expect(ins.get('one')).to.eq(1);\ndone();",
      "err": {},
      "isRoot": false,
      "uuid": "8fd0e641-9ad3-4851-bf5f-4ef529ec7f98",
      "parentUUID": "8b6f2457-53da-4573-a891-df76ca589c9b",
      "isHook": false,
      "skipped": false
    },
    {
      "title": "1,config--local",
      "fullTitle": "9),config 1,config--local",
      "timedOut": false,
      "duration": 0,
      "state": "passed",
      "speed": "fast",
      "pass": true,
      "fail": false,
      "pending": false,
      "code": "var app = loader.module('myapp', []);\nvar str = 'a';\napp.config(function () {\n    str = 'b';\n});\ninject.inject(['myapp']);\nchai_1.expect(str).to.be.eq('b');",
      "err": {},
      "isRoot": false,
      "uuid": "ef945a71-5e48-4696-9530-62d4a2f37804",
      "parentUUID": "0fff6f0f-5b8d-453c-b07d-bd88d285f56e",
      "isHook": false,
      "skipped": false
    },
    {
      "title": "2,config--$provider",
      "fullTitle": "9),config 2,config--$provider",
      "timedOut": false,
      "duration": 0,
      "state": "passed",
      "speed": "fast",
      "pass": true,
      "fail": false,
      "pending": false,
      "code": "var app = loader.module('myapp', []);\napp.config(function ($provider) {\n    $provider.data('str', 'a');\n});\nvar ins = inject.inject(['myapp']);\nchai_1.expect(ins.get('str')).to.be.eq('a');",
      "err": {},
      "isRoot": false,
      "uuid": "f214204b-2ad0-421f-b7ca-901e7b63b538",
      "parentUUID": "0fff6f0f-5b8d-453c-b07d-bd88d285f56e",
      "isHook": false,
      "skipped": false
    },
    {
      "title": "3,配置函数",
      "fullTitle": "9),config 3,配置函数",
      "timedOut": false,
      "duration": 0,
      "state": "passed",
      "speed": "fast",
      "pass": true,
      "fail": false,
      "pending": false,
      "code": "var app = loader.module('myapp', [], function ($provider) {\n    $provider.data('str', 'a');\n});\nvar ins = inject.inject(['myapp']);\nchai_1.expect(ins.get('str')).to.be.eq('a');",
      "err": {},
      "isRoot": false,
      "uuid": "1b328f79-b23e-4c5b-ac61-6b0cbfa4aee0",
      "parentUUID": "0fff6f0f-5b8d-453c-b07d-bd88d285f56e",
      "isHook": false,
      "skipped": false
    },
    {
      "title": "1,run--data",
      "fullTitle": "10),run 1,run--data",
      "timedOut": false,
      "duration": 0,
      "state": "passed",
      "speed": "fast",
      "pass": true,
      "fail": false,
      "pending": false,
      "code": "var app = loader.module('myapp', []);\napp.provider('a', {\n    $get: function () {\n        return 1;\n    }\n});\nvar str;\napp.run(function (a) {\n    str = a;\n});\ninject.inject(['myapp']);\nchai_1.expect(str).to.be.eq(1);",
      "err": {},
      "isRoot": false,
      "uuid": "3fc972dc-27e7-4931-8773-c00a2bad9865",
      "parentUUID": "40280bf2-ed04-489f-affe-25e3c8cefcab",
      "isHook": false,
      "skipped": false
    },
    {
      "title": "1,function",
      "fullTitle": "11),module函数 1,function",
      "timedOut": false,
      "duration": 1,
      "state": "passed",
      "speed": "fast",
      "pass": true,
      "fail": false,
      "pending": false,
      "code": "var m1 = function ($provider) {\n    $provider.data('str', 'aa');\n};\nvar app = loader.module('myapp', [m1]);\napp.data('a', 1);\nvar ins = inject.inject(['myapp']);\nchai_1.expect(ins.get('str')).to.be.eq('aa');",
      "err": {},
      "isRoot": false,
      "uuid": "4d3f6829-3962-434f-addc-185fda2d17d8",
      "parentUUID": "fe5871ee-83cd-4885-84ef-cf98be5c7559",
      "isHook": false,
      "skipped": false
    },
    {
      "title": "2,array",
      "fullTitle": "11),module函数 2,array",
      "timedOut": false,
      "duration": 0,
      "state": "passed",
      "speed": "fast",
      "pass": true,
      "fail": false,
      "pending": false,
      "code": "var fn = ['$provider', function ($provider) {\n        $provider.data('str', 'aa');\n    }];\nvar app = loader.module('myapp', [fn]);\nvar ins = inject.inject(['myapp']);\nchai_1.expect(ins.get('str')).to.be.eq('aa');",
      "err": {},
      "isRoot": false,
      "uuid": "943c3562-33c6-4e61-8629-916fa8d6ddab",
      "parentUUID": "fe5871ee-83cd-4885-84ef-cf98be5c7559",
      "isHook": false,
      "skipped": false
    },
    {
      "title": "1,注册factory函数",
      "fullTitle": "12),factory 1,注册factory函数",
      "timedOut": false,
      "duration": 0,
      "state": "passed",
      "speed": "fast",
      "pass": true,
      "fail": false,
      "pending": false,
      "code": "var app = loader.module('myapp', []);\napp.factory('a', function () { return 12; });\nvar ins = inject.inject(['myapp']);\nchai_1.expect(ins.get('a')).to.eq(12);",
      "err": {},
      "isRoot": false,
      "uuid": "9e2c6f85-7aab-4490-ab06-9439c618a12f",
      "parentUUID": "8a61b413-ae54-46c8-a0de-9d1fcfd40c81",
      "isHook": false,
      "skipped": false
    },
    {
      "title": "2,注册factory函数依赖注入",
      "fullTitle": "12),factory 2,注册factory函数依赖注入",
      "timedOut": false,
      "duration": 0,
      "state": "passed",
      "speed": "fast",
      "pass": true,
      "fail": false,
      "pending": false,
      "code": "var app = loader.module('myapp', []);\napp.factory('a', function () { return 12; });\napp.factory('b', function (a) { return a; });\nvar ins = inject.inject(['myapp']);\nchai_1.expect(ins.get('b')).to.eq(12);",
      "err": {},
      "isRoot": false,
      "uuid": "33e3385c-4034-4e74-8b7f-e1f4f17afe4b",
      "parentUUID": "8a61b413-ae54-46c8-a0de-9d1fcfd40c81",
      "isHook": false,
      "skipped": false
    },
    {
      "title": "3,注册factory函数没有返回值",
      "fullTitle": "12),factory 3,注册factory函数没有返回值",
      "timedOut": false,
      "duration": 1,
      "state": "passed",
      "speed": "fast",
      "pass": true,
      "fail": false,
      "pending": false,
      "code": "var app = loader.module('myapp', []);\napp.factory('a', function () { });\nvar ins = inject.inject(['myapp']);\nchai_1.expect(function () { ins.get('a'); }).to.throw(Error);",
      "err": {},
      "isRoot": false,
      "uuid": "00405ce3-9b4d-4189-8652-0dd96d2987dd",
      "parentUUID": "8a61b413-ae54-46c8-a0de-9d1fcfd40c81",
      "isHook": false,
      "skipped": false
    },
    {
      "title": "1,value",
      "fullTitle": "13),value 1,value",
      "timedOut": false,
      "duration": 1,
      "state": "passed",
      "speed": "fast",
      "pass": true,
      "fail": false,
      "pending": false,
      "code": "var app = loader.module('myapp', []);\napp.value('a', 123);\nvar ins = inject.inject(['myapp']);\nchai_1.expect(ins.get('a')).to.eq(123);",
      "err": {},
      "isRoot": false,
      "uuid": "abaf5918-2c76-4f33-999a-9a0d9c0633c5",
      "parentUUID": "2a7867aa-5674-4389-b840-2b689cc2c35b",
      "isHook": false,
      "skipped": false
    },
    {
      "title": "2,value不能被provider,config使用",
      "fullTitle": "13),value 2,value不能被provider,config使用",
      "timedOut": false,
      "duration": 1,
      "state": "passed",
      "speed": "fast",
      "pass": true,
      "fail": false,
      "pending": false,
      "code": "var app = loader.module('myapp', []);\napp.value('a', 123);\napp.provider('b', {\n    $get: function (a) {\n        return a;\n    }\n});\nvar ins = inject.inject(['myapp']);\nchai_1.expect(ins.get('b')).to.eq(123);",
      "err": {},
      "isRoot": false,
      "uuid": "bc5c79d2-727c-4380-bc52-46df0c4322e3",
      "parentUUID": "2a7867aa-5674-4389-b840-2b689cc2c35b",
      "isHook": false,
      "skipped": false
    },
    {
      "title": "1,service",
      "fullTitle": "14),service 1,service",
      "timedOut": false,
      "duration": 0,
      "state": "passed",
      "speed": "fast",
      "pass": true,
      "fail": false,
      "pending": false,
      "code": "var app = loader.module('myapp', []);\napp.service('myService', function () {\n    this.str = 'aa';\n    this.one = function (str) {\n        return str;\n    };\n});\nvar ins = inject.inject(['myapp']);\nchai_1.expect(ins.get('myService').str).to.eq('aa');\nchai_1.expect(ins.get('myService').one('service')).to.eq('service');",
      "err": {},
      "isRoot": false,
      "uuid": "d57a02d7-6afd-42ad-953f-c4989d434e36",
      "parentUUID": "a769af85-c5c1-4e6d-8630-5c4b80ebb31c",
      "isHook": false,
      "skipped": false
    },
    {
      "title": "1,module",
      "fullTitle": "loader测试 1,module",
      "timedOut": false,
      "duration": 0,
      "state": "passed",
      "speed": "fast",
      "pass": true,
      "fail": false,
      "pending": false,
      "code": "var m = loader.module('li', []);\nchai_1.expect(m.name).to.eq('li');",
      "err": {},
      "isRoot": false,
      "uuid": "7a1f1ded-98cc-4674-9013-2a22fec673bf",
      "parentUUID": "f165b2df-228d-4aa4-9ac9-aab343382fd8",
      "isHook": false,
      "skipped": false
    },
    {
      "title": "1, type测试",
      "fullTitle": "Util工具函数测试 1, type测试",
      "timedOut": false,
      "duration": 0,
      "state": "passed",
      "speed": "fast",
      "pass": true,
      "fail": false,
      "pending": false,
      "code": "var uu = u.type('str');\nchai_1.expect(uu).to.eq('string');",
      "err": {},
      "isRoot": false,
      "uuid": "229589f7-8e0d-42f0-bec9-4956c4e2bb91",
      "parentUUID": "45bc3eec-c901-46b2-80d1-b05aab1b39e3",
      "isHook": false,
      "skipped": false
    },
    {
      "title": "2, compare比较数组",
      "fullTitle": "Util工具函数测试 2, compare比较数组",
      "timedOut": false,
      "duration": 1,
      "state": "passed",
      "speed": "fast",
      "pass": true,
      "fail": false,
      "pending": false,
      "code": "var uu = u.compare([1, 2], [1, 2]);\nchai_1.expect(uu).to.eq(true);",
      "err": {},
      "isRoot": false,
      "uuid": "9accef1b-1d85-4b63-9da0-8111f14afd94",
      "parentUUID": "45bc3eec-c901-46b2-80d1-b05aab1b39e3",
      "isHook": false,
      "skipped": false
    },
    {
      "title": "3, compare比较数组对象",
      "fullTitle": "Util工具函数测试 3, compare比较数组对象",
      "timedOut": false,
      "duration": 0,
      "state": "passed",
      "speed": "fast",
      "pass": true,
      "fail": false,
      "pending": false,
      "code": "var a = [{ id: 1, a: function () { alert(1); }, f: false }, { id: 2, a: function () { alert(2); }, f: false }];\nvar b = { id: 2, a: function () { alert(2); }, f: false };\nvar uu = u.compare(a[1], b);\nchai_1.expect(uu).to.eq(true);",
      "err": {},
      "isRoot": false,
      "uuid": "f108a108-33e5-423d-8ddb-d76742e05d5d",
      "parentUUID": "45bc3eec-c901-46b2-80d1-b05aab1b39e3",
      "isHook": false,
      "skipped": false
    },
    {
      "title": "4, areEqual函数",
      "fullTitle": "Util工具函数测试 4, areEqual函数",
      "timedOut": false,
      "duration": 0,
      "state": "passed",
      "speed": "fast",
      "pass": true,
      "fail": false,
      "pending": false,
      "code": "var a = 0 / 0;\nvar b = 0 / 0;\nvar uu = u.areEqual(a, b);\nchai_1.expect(uu).to.eq(true);",
      "err": {},
      "isRoot": false,
      "uuid": "b5fdd9c9-ae70-4690-a0e1-12c5b97b73a5",
      "parentUUID": "45bc3eec-c901-46b2-80d1-b05aab1b39e3",
      "isHook": false,
      "skipped": false
    },
    {
      "title": "5, 浅拷贝",
      "fullTitle": "Util工具函数测试 5, 浅拷贝",
      "timedOut": false,
      "duration": 0,
      "state": "passed",
      "speed": "fast",
      "pass": true,
      "fail": false,
      "pending": false,
      "code": "var arr1 = ['ab'];\nvar arr2 = u.clone(arr1);\nchai_1.expect(arr2).to.deep.eq(arr1);",
      "err": {},
      "isRoot": false,
      "uuid": "34a00ac2-3de4-4cd8-afba-10c160038cd2",
      "parentUUID": "45bc3eec-c901-46b2-80d1-b05aab1b39e3",
      "isHook": false,
      "skipped": false
    },
    {
      "title": "6, 深拷贝",
      "fullTitle": "Util工具函数测试 6, 深拷贝",
      "timedOut": false,
      "duration": 0,
      "state": "passed",
      "speed": "fast",
      "pass": true,
      "fail": false,
      "pending": false,
      "code": "var arr1 = ['ab'];\nvar arr2 = u.deepClone(arr1);\nchai_1.expect(arr2).to.deep.eq(arr1);",
      "err": {},
      "isRoot": false,
      "uuid": "dae76fa5-0636-4731-ba3c-9bc327eba6c7",
      "parentUUID": "45bc3eec-c901-46b2-80d1-b05aab1b39e3",
      "isHook": false,
      "skipped": false
    },
    {
      "title": "7, repeatObj测试字符串",
      "fullTitle": "Util工具函数测试 7, repeatObj测试字符串",
      "timedOut": false,
      "duration": 0,
      "state": "passed",
      "speed": "fast",
      "pass": true,
      "fail": false,
      "pending": false,
      "code": "var str = 'ab';\nvar u1 = u.repeatObj(str, 2);\nchai_1.expect(u1).to.eq('abab');",
      "err": {},
      "isRoot": false,
      "uuid": "b60571d8-2179-4e43-9e15-78746e305ad6",
      "parentUUID": "45bc3eec-c901-46b2-80d1-b05aab1b39e3",
      "isHook": false,
      "skipped": false
    },
    {
      "title": "8, repeatObj测试函数",
      "fullTitle": "Util工具函数测试 8, repeatObj测试函数",
      "timedOut": false,
      "duration": 2,
      "state": "passed",
      "speed": "fast",
      "pass": true,
      "fail": false,
      "pending": false,
      "code": "var aa = sinon.spy();\nvar u1 = u.repeatObj(aa, 2);\nchai_1.expect(aa).to.have.been.callCount(2);",
      "err": {},
      "isRoot": false,
      "uuid": "6da3cd34-d7de-4c25-a98a-f885de14119d",
      "parentUUID": "45bc3eec-c901-46b2-80d1-b05aab1b39e3",
      "isHook": false,
      "skipped": false
    },
    {
      "title": "9, uArray数组去重",
      "fullTitle": "Util工具函数测试 9, uArray数组去重",
      "timedOut": false,
      "duration": 1,
      "state": "passed",
      "speed": "fast",
      "pass": true,
      "fail": false,
      "pending": false,
      "code": "var arr = [1, 2, 3, 1];\nvar newArr = u.uArray(arr);\nchai_1.expect(newArr).to.deep.eq([1, 2, 3]);",
      "err": {},
      "isRoot": false,
      "uuid": "87a42715-3e89-4b13-8c72-69e99fe762f6",
      "parentUUID": "45bc3eec-c901-46b2-80d1-b05aab1b39e3",
      "isHook": false,
      "skipped": false
    },
    {
      "title": "10, objToMap对象转map对象",
      "fullTitle": "Util工具函数测试 10, objToMap对象转map对象",
      "timedOut": false,
      "duration": 2,
      "state": "passed",
      "speed": "fast",
      "pass": true,
      "fail": false,
      "pending": false,
      "code": "var obj = { id: 1, cb: function () { } };\nvar newObj = u.objToMap(obj);\nchai_1.expect(newObj.constructor).to.eq(Map);\nchai_1.expect(newObj.get('id')).to.eq(1);",
      "err": {},
      "isRoot": false,
      "uuid": "05606e64-411b-46b0-80d3-67fa534ad06f",
      "parentUUID": "45bc3eec-c901-46b2-80d1-b05aab1b39e3",
      "isHook": false,
      "skipped": false
    },
    {
      "title": "11, mapToObjmap对象转普通对象",
      "fullTitle": "Util工具函数测试 11, mapToObjmap对象转普通对象",
      "timedOut": false,
      "duration": 1,
      "state": "passed",
      "speed": "fast",
      "pass": true,
      "fail": false,
      "pending": false,
      "code": "var map = new Map();\nmap.set('id', 3);\nmap.set('addr', 'addraddr');\nvar newObj = u.mapToObj(map);\nchai_1.expect(newObj.constructor).to.eq(Object);\nchai_1.expect(newObj).to.deep.eq({ id: 3, addr: 'addraddr' });",
      "err": {},
      "isRoot": false,
      "uuid": "fae4623d-97ce-4fe1-8762-1a61ed8c4bf9",
      "parentUUID": "45bc3eec-c901-46b2-80d1-b05aab1b39e3",
      "isHook": false,
      "skipped": false
    },
    {
      "title": "12, exitFirst函数测试",
      "fullTitle": "Util工具函数测试 12, exitFirst函数测试",
      "timedOut": false,
      "duration": 0,
      "state": "passed",
      "speed": "fast",
      "pass": true,
      "fail": false,
      "pending": false,
      "code": "var a = [{ text: '[' }];\nvar b = '[';\nvar res = u.exitFirst(a, b);\nchai_1.expect(res).to.deep.eq({ text: '[' });",
      "err": {},
      "isRoot": false,
      "uuid": "0224b5b4-7889-4d29-868e-1fedc4fdcf5a",
      "parentUUID": "45bc3eec-c901-46b2-80d1-b05aab1b39e3",
      "isHook": false,
      "skipped": false
    },
    {
      "title": "13, uArray数组去重",
      "fullTitle": "Util工具函数测试 13, uArray数组去重",
      "timedOut": false,
      "duration": 1,
      "state": "passed",
      "speed": "fast",
      "pass": true,
      "fail": false,
      "pending": false,
      "code": "var a = [1, 1, 2,];\nvar b = u.uArray(a);\nchai_1.expect(b).to.deep.eq([1, 2]);",
      "err": {},
      "isRoot": false,
      "uuid": "4c6a5b57-a942-4b5e-b419-400dd20cd790",
      "parentUUID": "45bc3eec-c901-46b2-80d1-b05aab1b39e3",
      "isHook": false,
      "skipped": false
    }
  ],
  "allFailures": [],
  "copyrightYear": 2017
}