{
  "stats": {
    "suites": 18,
    "tests": 48,
    "passes": 48,
    "pending": 0,
    "failures": 0,
    "start": "2022-09-07T06:15:16.287Z",
    "end": "2022-09-07T06:15:16.372Z",
    "duration": 85,
    "testsRegistered": 48,
    "passPercent": 100,
    "pendingPercent": 0,
    "other": 0,
    "hasOther": false,
    "skipped": 0,
    "hasSkipped": false
  },
  "results": [
    {
      "uuid": "6ff69fc0-cb79-4c45-a1d0-3582e09d33e8",
      "title": "",
      "fullFile": "",
      "file": "",
      "beforeHooks": [],
      "afterHooks": [],
      "tests": [],
      "suites": [
        {
          "uuid": "cd2e2893-dd40-4fc2-bd6d-723fbef566e5",
          "title": "index",
          "fullFile": "/Users/mac/Documents/MyGit/Cpage.js/test/store/index_spec.ts",
          "file": "/test/store/index_spec.ts",
          "beforeHooks": [
            {
              "title": "\"before all\" hook",
              "fullTitle": "index \"before all\" hook",
              "timedOut": false,
              "duration": 1,
              "state": null,
              "speed": null,
              "pass": false,
              "fail": false,
              "pending": false,
              "context": null,
              "code": "so = new index_1.default(\"Cpage\");",
              "err": {},
              "uuid": "1b226029-d4df-425a-8719-5795ebc510de",
              "parentUUID": "cd2e2893-dd40-4fc2-bd6d-723fbef566e5",
              "isHook": true,
              "skipped": false
            }
          ],
          "afterHooks": [],
          "tests": [],
          "suites": [
            {
              "uuid": "647f7dd4-e4f3-4075-9a81-458780572413",
              "title": "1),data",
              "fullFile": "/Users/mac/Documents/MyGit/Cpage.js/test/store/index_spec.ts",
              "file": "/test/store/index_spec.ts",
              "beforeHooks": [],
              "afterHooks": [],
              "tests": [
                {
                  "title": "1,data",
                  "fullTitle": "index 1),data 1,data",
                  "timedOut": false,
                  "duration": 1,
                  "state": "passed",
                  "speed": "fast",
                  "pass": true,
                  "fail": false,
                  "pending": false,
                  "context": null,
                  "code": "so.data('one', 'testOne');\nchai_1.expect(so.has('one')).to.eq(true);\nchai_1.expect(so.get('one')).to.eq('testOne');",
                  "err": {},
                  "uuid": "3aa7e488-ce7a-4999-8fc3-e839c4346cb5",
                  "parentUUID": "647f7dd4-e4f3-4075-9a81-458780572413",
                  "isHook": false,
                  "skipped": false
                },
                {
                  "title": "2,provider",
                  "fullTitle": "index 1),data 2,provider",
                  "timedOut": false,
                  "duration": 0,
                  "state": "passed",
                  "speed": "fast",
                  "pass": true,
                  "fail": false,
                  "pending": false,
                  "context": null,
                  "code": "so.data('a', 1);\nso.provider('tt', {\n    $get: function (a) {\n        return a + 1;\n    }\n});\nchai_1.expect(so.has('tt')).to.eq(true);\nchai_1.expect(so.get('tt')).to.eq(2);",
                  "err": {},
                  "uuid": "5e7e47ce-56b9-4ca9-8cf1-c9b0e6daa9dd",
                  "parentUUID": "647f7dd4-e4f3-4075-9a81-458780572413",
                  "isHook": false,
                  "skipped": false
                }
              ],
              "suites": [],
              "passes": [
                "3aa7e488-ce7a-4999-8fc3-e839c4346cb5",
                "5e7e47ce-56b9-4ca9-8cf1-c9b0e6daa9dd"
              ],
              "failures": [],
              "pending": [],
              "skipped": [],
              "duration": 1,
              "root": false,
              "rootEmpty": false,
              "_timeout": 2000
            }
          ],
          "passes": [],
          "failures": [],
          "pending": [],
          "skipped": [],
          "duration": 0,
          "root": false,
          "rootEmpty": false,
          "_timeout": 2000
        },
        {
          "uuid": "dc7487f3-969b-4c19-8bc6-66857c7de8e0",
          "title": "injector测试",
          "fullFile": "/Users/mac/Documents/MyGit/Cpage.js/test/store/inject_spec.ts",
          "file": "/test/store/inject_spec.ts",
          "beforeHooks": [],
          "afterHooks": [],
          "tests": [],
          "suites": [
            {
              "uuid": "7fc5604f-b768-4476-a11e-e4f45f8bc4a4",
              "title": "1),injector",
              "fullFile": "/Users/mac/Documents/MyGit/Cpage.js/test/store/inject_spec.ts",
              "file": "/test/store/inject_spec.ts",
              "beforeHooks": [
                {
                  "title": "\"before each\" hook",
                  "fullTitle": "injector测试 1),injector \"before each\" hook",
                  "timedOut": false,
                  "duration": 0,
                  "state": null,
                  "speed": null,
                  "pass": false,
                  "fail": false,
                  "pending": false,
                  "context": null,
                  "code": "loader = new index_1.default();\ninject = new index_2.default();",
                  "err": {},
                  "uuid": "eadbdab2-5fe6-4663-a8ae-d1ce16da2254",
                  "parentUUID": "7fc5604f-b768-4476-a11e-e4f45f8bc4a4",
                  "isHook": true,
                  "skipped": false
                }
              ],
              "afterHooks": [],
              "tests": [
                {
                  "title": "1,injector--has",
                  "fullTitle": "injector测试 1),injector 1,injector--has",
                  "timedOut": false,
                  "duration": 0,
                  "state": "passed",
                  "speed": "fast",
                  "pass": true,
                  "fail": false,
                  "pending": false,
                  "context": null,
                  "code": "var app = loader.module('li', []);\napp.data('str', 123);\nvar ins = inject.inject(['li']);\nchai_1.expect(ins.has('str')).to.eq(true);",
                  "err": {},
                  "uuid": "5ec85ffb-1eaf-47be-9cf8-82703c5f5f30",
                  "parentUUID": "7fc5604f-b768-4476-a11e-e4f45f8bc4a4",
                  "isHook": false,
                  "skipped": false
                },
                {
                  "title": "2,injector--get",
                  "fullTitle": "injector测试 1),injector 2,injector--get",
                  "timedOut": false,
                  "duration": 0,
                  "state": "passed",
                  "speed": "fast",
                  "pass": true,
                  "fail": false,
                  "pending": false,
                  "context": null,
                  "code": "var app = loader.module('li', []);\napp.data('str', 123);\nvar ins = inject.inject(['li']);\nchai_1.expect(ins.get('str')).to.eq(123);",
                  "err": {},
                  "uuid": "febc952e-98cb-4646-aa9d-3e9c8452b2db",
                  "parentUUID": "7fc5604f-b768-4476-a11e-e4f45f8bc4a4",
                  "isHook": false,
                  "skipped": false
                },
                {
                  "title": "3,多个module",
                  "fullTitle": "injector测试 1),injector 3,多个module",
                  "timedOut": false,
                  "duration": 1,
                  "state": "passed",
                  "speed": "fast",
                  "pass": true,
                  "fail": false,
                  "pending": false,
                  "context": null,
                  "code": "var app = loader.module('li', []);\napp.data('str', 123);\nvar app2 = loader.module('li2', ['li']);\napp2.data('str2', 456);\nvar ins = inject.inject(['li2']);\nchai_1.expect(ins.has('str')).to.eq(true);\nchai_1.expect(ins.get('str')).to.eq(123);\nchai_1.expect(ins.has('str2')).to.eq(true);\nchai_1.expect(ins.get('str2')).to.eq(456);",
                  "err": {},
                  "uuid": "fc342316-0dce-4deb-a921-ebe494614f4c",
                  "parentUUID": "7fc5604f-b768-4476-a11e-e4f45f8bc4a4",
                  "isHook": false,
                  "skipped": false
                }
              ],
              "suites": [],
              "passes": [
                "5ec85ffb-1eaf-47be-9cf8-82703c5f5f30",
                "febc952e-98cb-4646-aa9d-3e9c8452b2db",
                "fc342316-0dce-4deb-a921-ebe494614f4c"
              ],
              "failures": [],
              "pending": [],
              "skipped": [],
              "duration": 1,
              "root": false,
              "rootEmpty": false,
              "_timeout": 2000
            },
            {
              "uuid": "c2534461-3781-4f71-aa3c-4cb6d2c247af",
              "title": "2),invoke",
              "fullFile": "/Users/mac/Documents/MyGit/Cpage.js/test/store/inject_spec.ts",
              "file": "/test/store/inject_spec.ts",
              "beforeHooks": [
                {
                  "title": "\"before each\" hook",
                  "fullTitle": "injector测试 2),invoke \"before each\" hook",
                  "timedOut": false,
                  "duration": 0,
                  "state": null,
                  "speed": null,
                  "pass": false,
                  "fail": false,
                  "pending": false,
                  "context": null,
                  "code": "loader = new index_1.default();\ninject = new index_2.default();",
                  "err": {},
                  "uuid": "79132ede-5a6b-4738-8627-9defa9877a2e",
                  "parentUUID": "c2534461-3781-4f71-aa3c-4cb6d2c247af",
                  "isHook": true,
                  "skipped": false
                }
              ],
              "afterHooks": [],
              "tests": [
                {
                  "title": "1,注入函数",
                  "fullTitle": "injector测试 2),invoke 1,注入函数",
                  "timedOut": false,
                  "duration": 1,
                  "state": "passed",
                  "speed": "fast",
                  "pass": true,
                  "fail": false,
                  "pending": false,
                  "context": null,
                  "code": "var app = loader.module('app', []);\napp.data('a', 1);\napp.data('b', 2);\nvar ins = inject.inject(['app']);\nfunction fn(one, two) {\n    return one + two;\n}\nfn.$inject = ['a', 'b'];\nchai_1.expect(ins.invoke(fn)).to.eq(3);",
                  "err": {},
                  "uuid": "8ebc4f40-dfbd-42b4-9aaa-0de0ac6ee3ad",
                  "parentUUID": "c2534461-3781-4f71-aa3c-4cb6d2c247af",
                  "isHook": false,
                  "skipped": false
                },
                {
                  "title": "2,标识符错误",
                  "fullTitle": "injector测试 2),invoke 2,标识符错误",
                  "timedOut": false,
                  "duration": 1,
                  "state": "passed",
                  "speed": "fast",
                  "pass": true,
                  "fail": false,
                  "pending": false,
                  "context": null,
                  "code": "var app = loader.module('app', []);\napp.data('a', 1);\napp.data('b', 2);\nvar ins = inject.inject(['app']);\nfunction fn(one, two) {\n    return one + two;\n}\nfn.$inject = ['a', 2];\nchai_1.expect(function () { ins.invoke(fn); }).to.throw('无效的标识符2，标识符应为字符串');",
                  "err": {},
                  "uuid": "401f5358-96f9-48cc-ace4-aa163391a85a",
                  "parentUUID": "c2534461-3781-4f71-aa3c-4cb6d2c247af",
                  "isHook": false,
                  "skipped": false
                },
                {
                  "title": "3,对象",
                  "fullTitle": "injector测试 2),invoke 3,对象",
                  "timedOut": false,
                  "duration": 1,
                  "state": "passed",
                  "speed": "fast",
                  "pass": true,
                  "fail": false,
                  "pending": false,
                  "context": null,
                  "code": "var app = loader.module('app', []);\napp.data('a', 1);\nvar ins = inject.inject(['app']);\nvar obj = {\n    w: 2,\n    fn: function (one) {\n        return one + this.w;\n    }\n};\nobj.fn.$inject = ['a'];\nchai_1.expect(ins.invoke(obj.fn, obj)).to.eq(3);",
                  "err": {},
                  "uuid": "06c39dee-5810-45f3-9de3-cd27fecd7f13",
                  "parentUUID": "c2534461-3781-4f71-aa3c-4cb6d2c247af",
                  "isHook": false,
                  "skipped": false
                },
                {
                  "title": "4,local参数",
                  "fullTitle": "injector测试 2),invoke 4,local参数",
                  "timedOut": false,
                  "duration": 1,
                  "state": "passed",
                  "speed": "fast",
                  "pass": true,
                  "fail": false,
                  "pending": false,
                  "context": null,
                  "code": "var app = loader.module('app', []);\napp.data('a', 1);\napp.data('b', 2);\nvar ins = inject.inject(['app']);\nfunction fn(one, two) {\n    return one + two;\n}\nfn.$inject = ['a', 'b'];\nchai_1.expect(ins.invoke(fn, undefined, { b: 3 })).to.eq(4);",
                  "err": {},
                  "uuid": "f2be573d-bd1e-4c0c-93a5-4c40aee49d51",
                  "parentUUID": "c2534461-3781-4f71-aa3c-4cb6d2c247af",
                  "isHook": false,
                  "skipped": false
                }
              ],
              "suites": [],
              "passes": [
                "8ebc4f40-dfbd-42b4-9aaa-0de0ac6ee3ad",
                "401f5358-96f9-48cc-ace4-aa163391a85a",
                "06c39dee-5810-45f3-9de3-cd27fecd7f13",
                "f2be573d-bd1e-4c0c-93a5-4c40aee49d51"
              ],
              "failures": [],
              "pending": [],
              "skipped": [],
              "duration": 4,
              "root": false,
              "rootEmpty": false,
              "_timeout": 2000
            },
            {
              "uuid": "d1913c2e-a189-4e45-9fc9-2ece5c98febe",
              "title": "3),annotate",
              "fullFile": "/Users/mac/Documents/MyGit/Cpage.js/test/store/inject_spec.ts",
              "file": "/test/store/inject_spec.ts",
              "beforeHooks": [
                {
                  "title": "\"before each\" hook",
                  "fullTitle": "injector测试 3),annotate \"before each\" hook",
                  "timedOut": false,
                  "duration": 0,
                  "state": null,
                  "speed": null,
                  "pass": false,
                  "fail": false,
                  "pending": false,
                  "context": null,
                  "code": "loader = new index_1.default();\ninject = new index_2.default();",
                  "err": {},
                  "uuid": "144a9a43-e778-4347-8256-1e9895b1a548",
                  "parentUUID": "d1913c2e-a189-4e45-9fc9-2ece5c98febe",
                  "isHook": true,
                  "skipped": false
                }
              ],
              "afterHooks": [],
              "tests": [
                {
                  "title": "1,annotate",
                  "fullTitle": "injector测试 3),annotate 1,annotate",
                  "timedOut": false,
                  "duration": 1,
                  "state": "passed",
                  "speed": "fast",
                  "pass": true,
                  "fail": false,
                  "pending": false,
                  "context": null,
                  "code": "var ins = inject.inject([]);\nfunction fn() { }\nfn.$inject = ['a', 'b'];\nchai_1.expect(ins.annotate(fn)).to.deep.eq(['a', 'b']);",
                  "err": {},
                  "uuid": "0d1db9fb-770c-42d3-9c27-6d267f02f157",
                  "parentUUID": "d1913c2e-a189-4e45-9fc9-2ece5c98febe",
                  "isHook": false,
                  "skipped": false
                },
                {
                  "title": "2,fn改造成数组",
                  "fullTitle": "injector测试 3),annotate 2,fn改造成数组",
                  "timedOut": false,
                  "duration": 0,
                  "state": "passed",
                  "speed": "fast",
                  "pass": true,
                  "fail": false,
                  "pending": false,
                  "context": null,
                  "code": "var ins = inject.inject([]);\nvar fn = ['a', 'b', function () { }];\nchai_1.expect(ins.annotate(fn)).to.deep.eq(['a', 'b']);",
                  "err": {},
                  "uuid": "ffefaae1-e231-4fed-bb4a-3add39e769ba",
                  "parentUUID": "d1913c2e-a189-4e45-9fc9-2ece5c98febe",
                  "isHook": false,
                  "skipped": false
                },
                {
                  "title": "3,fn为空数组或者没有$inject属性",
                  "fullTitle": "injector测试 3),annotate 3,fn为空数组或者没有$inject属性",
                  "timedOut": false,
                  "duration": 1,
                  "state": "passed",
                  "speed": "fast",
                  "pass": true,
                  "fail": false,
                  "pending": false,
                  "context": null,
                  "code": "var ins = inject.inject([]);\nvar fn = [];\nchai_1.expect(ins.annotate(fn)).to.deep.eq([]);\nfunction fn2() { }\nchai_1.expect(ins.annotate(fn2)).to.deep.eq([]);",
                  "err": {},
                  "uuid": "7a012e82-e813-4cc2-9dd8-85fc41a7f833",
                  "parentUUID": "d1913c2e-a189-4e45-9fc9-2ece5c98febe",
                  "isHook": false,
                  "skipped": false
                },
                {
                  "title": "4,fn有参数但没有$inject属性",
                  "fullTitle": "injector测试 3),annotate 4,fn有参数但没有$inject属性",
                  "timedOut": false,
                  "duration": 0,
                  "state": "passed",
                  "speed": "fast",
                  "pass": true,
                  "fail": false,
                  "pending": false,
                  "context": null,
                  "code": "var ins = inject.inject([]);\nfunction fn2(a, b) { }\nchai_1.expect(ins.annotate(fn2)).to.deep.eq(['a', 'b']);",
                  "err": {},
                  "uuid": "76d2499e-e2dc-421a-b94b-b6e938ecc5d9",
                  "parentUUID": "d1913c2e-a189-4e45-9fc9-2ece5c98febe",
                  "isHook": false,
                  "skipped": false
                },
                {
                  "title": "5,fn有参数含有注释",
                  "fullTitle": "injector测试 3),annotate 5,fn有参数含有注释",
                  "timedOut": false,
                  "duration": 0,
                  "state": "passed",
                  "speed": "fast",
                  "pass": true,
                  "fail": false,
                  "pending": false,
                  "context": null,
                  "code": "var ins = inject.inject([]);\nfunction fn2(a, /*b,*/ c) { }\nchai_1.expect(ins.annotate(fn2)).to.deep.eq(['a', 'c']);",
                  "err": {},
                  "uuid": "dc72ba5f-3a62-4e5c-93bc-7498f37f27c0",
                  "parentUUID": "d1913c2e-a189-4e45-9fc9-2ece5c98febe",
                  "isHook": false,
                  "skipped": false
                },
                {
                  "title": "6,fn有参数含有多个注释",
                  "fullTitle": "injector测试 3),annotate 6,fn有参数含有多个注释",
                  "timedOut": false,
                  "duration": 1,
                  "state": "passed",
                  "speed": "fast",
                  "pass": true,
                  "fail": false,
                  "pending": false,
                  "context": null,
                  "code": "var ins = inject.inject([]);\nfunction fn2(a, /*b,*/ c /*,d*/) { }\nchai_1.expect(ins.annotate(fn2)).to.deep.eq(['a', 'c']);",
                  "err": {},
                  "uuid": "2664718f-6235-4741-8fd2-2088e7608a9c",
                  "parentUUID": "d1913c2e-a189-4e45-9fc9-2ece5c98febe",
                  "isHook": false,
                  "skipped": false
                },
                {
                  "title": "7,fn有参数含有多行注释",
                  "fullTitle": "injector测试 3),annotate 7,fn有参数含有多行注释",
                  "timedOut": false,
                  "duration": 0,
                  "state": "passed",
                  "speed": "fast",
                  "pass": true,
                  "fail": false,
                  "pending": false,
                  "context": null,
                  "code": "var ins = inject.inject([]);\nfunction fn2(a, //b,\nc) { }\nchai_1.expect(ins.annotate(fn2)).to.deep.eq(['a', '//b', 'c']);",
                  "err": {},
                  "uuid": "5c41069e-48f6-42fe-b9e3-e364145cb08c",
                  "parentUUID": "d1913c2e-a189-4e45-9fc9-2ece5c98febe",
                  "isHook": false,
                  "skipped": false
                },
                {
                  "title": "8,严格模式",
                  "fullTitle": "injector测试 3),annotate 8,严格模式",
                  "timedOut": false,
                  "duration": 0,
                  "state": "passed",
                  "speed": "fast",
                  "pass": true,
                  "fail": false,
                  "pending": false,
                  "context": null,
                  "code": "var ins = inject.inject([], true);\nfunction fn(a, /*b,*/ c /*,d*/) { }\nchai_1.expect(function () { ins.annotate(fn); }).to.throw(Error);",
                  "err": {},
                  "uuid": "c89da2bd-edbf-4574-baa9-c55a128d5599",
                  "parentUUID": "d1913c2e-a189-4e45-9fc9-2ece5c98febe",
                  "isHook": false,
                  "skipped": false
                }
              ],
              "suites": [],
              "passes": [
                "0d1db9fb-770c-42d3-9c27-6d267f02f157",
                "ffefaae1-e231-4fed-bb4a-3add39e769ba",
                "7a012e82-e813-4cc2-9dd8-85fc41a7f833",
                "76d2499e-e2dc-421a-b94b-b6e938ecc5d9",
                "dc72ba5f-3a62-4e5c-93bc-7498f37f27c0",
                "2664718f-6235-4741-8fd2-2088e7608a9c",
                "5c41069e-48f6-42fe-b9e3-e364145cb08c",
                "c89da2bd-edbf-4574-baa9-c55a128d5599"
              ],
              "failures": [],
              "pending": [],
              "skipped": [],
              "duration": 3,
              "root": false,
              "rootEmpty": false,
              "_timeout": 2000
            },
            {
              "uuid": "27b8523f-bff4-4b14-ae50-87971fb38651",
              "title": "4),invoke2",
              "fullFile": "/Users/mac/Documents/MyGit/Cpage.js/test/store/inject_spec.ts",
              "file": "/test/store/inject_spec.ts",
              "beforeHooks": [
                {
                  "title": "\"before each\" hook",
                  "fullTitle": "injector测试 4),invoke2 \"before each\" hook",
                  "timedOut": false,
                  "duration": 0,
                  "state": null,
                  "speed": null,
                  "pass": false,
                  "fail": false,
                  "pending": false,
                  "context": null,
                  "code": "loader = new index_1.default();\ninject = new index_2.default();",
                  "err": {},
                  "uuid": "703a0fb2-cee7-4717-a7de-a3c262c56762",
                  "parentUUID": "27b8523f-bff4-4b14-ae50-87971fb38651",
                  "isHook": true,
                  "skipped": false
                }
              ],
              "afterHooks": [],
              "tests": [
                {
                  "title": "1,invoke接收数组参数",
                  "fullTitle": "injector测试 4),invoke2 1,invoke接收数组参数",
                  "timedOut": false,
                  "duration": 0,
                  "state": "passed",
                  "speed": "fast",
                  "pass": true,
                  "fail": false,
                  "pending": false,
                  "context": null,
                  "code": "var app = loader.module('app', []);\napp.data('a', 1);\napp.data('b', 2);\nvar ins = inject.inject(['app']);\nvar fn = ['a', 'b', function (one, two) { return one + two; }];\nchai_1.expect(ins.invoke(fn)).to.eq(3);",
                  "err": {},
                  "uuid": "24b782d8-dc80-4260-8eb6-7ce00262d2a3",
                  "parentUUID": "27b8523f-bff4-4b14-ae50-87971fb38651",
                  "isHook": false,
                  "skipped": false
                },
                {
                  "title": "2,fn参数名映射data键",
                  "fullTitle": "injector测试 4),invoke2 2,fn参数名映射data键",
                  "timedOut": false,
                  "duration": 0,
                  "state": "passed",
                  "speed": "fast",
                  "pass": true,
                  "fail": false,
                  "pending": false,
                  "context": null,
                  "code": "var app = loader.module('app', []);\napp.data('a', 1);\napp.data('b', 2);\nvar ins = inject.inject(['app']);\nvar fn = function (a, b) { return a + b; };\nchai_1.expect(ins.invoke(fn)).to.eq(3);",
                  "err": {},
                  "uuid": "e47517f3-0cd8-40a4-aac2-372a2546ee52",
                  "parentUUID": "27b8523f-bff4-4b14-ae50-87971fb38651",
                  "isHook": false,
                  "skipped": false
                }
              ],
              "suites": [],
              "passes": [
                "24b782d8-dc80-4260-8eb6-7ce00262d2a3",
                "e47517f3-0cd8-40a4-aac2-372a2546ee52"
              ],
              "failures": [],
              "pending": [],
              "skipped": [],
              "duration": 0,
              "root": false,
              "rootEmpty": false,
              "_timeout": 2000
            },
            {
              "uuid": "ec90b267-b919-46fa-be58-27ed352cda80",
              "title": "5),实例化",
              "fullFile": "/Users/mac/Documents/MyGit/Cpage.js/test/store/inject_spec.ts",
              "file": "/test/store/inject_spec.ts",
              "beforeHooks": [
                {
                  "title": "\"before each\" hook",
                  "fullTitle": "injector测试 5),实例化 \"before each\" hook",
                  "timedOut": false,
                  "duration": 0,
                  "state": null,
                  "speed": null,
                  "pass": false,
                  "fail": false,
                  "pending": false,
                  "context": null,
                  "code": "loader = new index_1.default();\ninject = new index_2.default();",
                  "err": {},
                  "uuid": "5775974d-096e-41d0-876c-e040ef802c71",
                  "parentUUID": "ec90b267-b919-46fa-be58-27ed352cda80",
                  "isHook": true,
                  "skipped": false
                }
              ],
              "afterHooks": [],
              "tests": [
                {
                  "title": "1,实例化函数",
                  "fullTitle": "injector测试 5),实例化 1,实例化函数",
                  "timedOut": false,
                  "duration": 1,
                  "state": "passed",
                  "speed": "fast",
                  "pass": true,
                  "fail": false,
                  "pending": false,
                  "context": null,
                  "code": "var app = loader.module('app', []);\napp.data('a', 1);\napp.data('b', 2);\nvar ins = inject.inject(['app']);\nfunction fn(a, b) { this.result = a + b; }\nfn.$inject = ['a', 'b'];\nvar instance = ins.instantiate(fn);\nchai_1.expect(instance.result).to.eq(3);",
                  "err": {},
                  "uuid": "3386bdac-cfb5-4536-a501-780f1d898d8c",
                  "parentUUID": "ec90b267-b919-46fa-be58-27ed352cda80",
                  "isHook": false,
                  "skipped": false
                },
                {
                  "title": "2,实例化函数",
                  "fullTitle": "injector测试 5),实例化 2,实例化函数",
                  "timedOut": false,
                  "duration": 0,
                  "state": "passed",
                  "speed": "fast",
                  "pass": true,
                  "fail": false,
                  "pending": false,
                  "context": null,
                  "code": "var app = loader.module('app', []);\napp.data('a', 1);\napp.data('b', 2);\nvar ins = inject.inject(['app']);\nfunction fn(a, b) { this.result = a + b; }\nvar instance = ins.instantiate(fn);\nchai_1.expect(instance.result).to.eq(3);",
                  "err": {},
                  "uuid": "fd35cc47-0b82-4057-bf72-4fc2b5e10579",
                  "parentUUID": "ec90b267-b919-46fa-be58-27ed352cda80",
                  "isHook": false,
                  "skipped": false
                },
                {
                  "title": "3,实例化数组",
                  "fullTitle": "injector测试 5),实例化 3,实例化数组",
                  "timedOut": false,
                  "duration": 0,
                  "state": "passed",
                  "speed": "fast",
                  "pass": true,
                  "fail": false,
                  "pending": false,
                  "context": null,
                  "code": "var app = loader.module('app', []);\napp.data('a', 1);\napp.data('b', 2);\nvar ins = inject.inject(['app']);\nvar fn = ['a', 'b', function (a, b) { this.result = a + b; }];\nvar instance = ins.instantiate(fn);\nchai_1.expect(instance.result).to.eq(3);",
                  "err": {},
                  "uuid": "f7516b23-90cf-4cd8-9af6-84b7bc52078c",
                  "parentUUID": "ec90b267-b919-46fa-be58-27ed352cda80",
                  "isHook": false,
                  "skipped": false
                },
                {
                  "title": "4,构造函数具有原型",
                  "fullTitle": "injector测试 5),实例化 4,构造函数具有原型",
                  "timedOut": false,
                  "duration": 0,
                  "state": "passed",
                  "speed": "fast",
                  "pass": true,
                  "fail": false,
                  "pending": false,
                  "context": null,
                  "code": "function a() {\n}\na.prototype.a1 = function () {\n    return 123;\n};\nfunction b() {\n    this.b1 = this.a1();\n}\nb.prototype = a.prototype;\nvar app = loader.module('myapp', []);\nvar ins = inject.inject(['myapp']);\nvar instance = ins.instantiate(b);\nchai_1.expect(instance.b1).to.eq(123);",
                  "err": {},
                  "uuid": "a4c9f30e-9201-4129-9c26-0d30dc36b254",
                  "parentUUID": "ec90b267-b919-46fa-be58-27ed352cda80",
                  "isHook": false,
                  "skipped": false
                },
                {
                  "title": "5,本地数据",
                  "fullTitle": "injector测试 5),实例化 5,本地数据",
                  "timedOut": false,
                  "duration": 0,
                  "state": "passed",
                  "speed": "fast",
                  "pass": true,
                  "fail": false,
                  "pending": false,
                  "context": null,
                  "code": "var app = loader.module('app', []);\napp.data('a', 1);\napp.data('b', 2);\nvar ins = inject.inject(['app']);\nfunction fn(a, b) {\n    this.res = a + b;\n}\nvar instance = ins.instantiate(fn, { b: 3 });\nchai_1.expect(instance.res).to.eq(4);",
                  "err": {},
                  "uuid": "c2df502b-0079-4cf7-9029-2b6b273d36be",
                  "parentUUID": "ec90b267-b919-46fa-be58-27ed352cda80",
                  "isHook": false,
                  "skipped": false
                }
              ],
              "suites": [],
              "passes": [
                "3386bdac-cfb5-4536-a501-780f1d898d8c",
                "fd35cc47-0b82-4057-bf72-4fc2b5e10579",
                "f7516b23-90cf-4cd8-9af6-84b7bc52078c",
                "a4c9f30e-9201-4129-9c26-0d30dc36b254",
                "c2df502b-0079-4cf7-9029-2b6b273d36be"
              ],
              "failures": [],
              "pending": [],
              "skipped": [],
              "duration": 1,
              "root": false,
              "rootEmpty": false,
              "_timeout": 2000
            },
            {
              "uuid": "dd732caf-ab53-4592-ab89-d614ad01fb4a",
              "title": "6),provider",
              "fullFile": "/Users/mac/Documents/MyGit/Cpage.js/test/store/inject_spec.ts",
              "file": "/test/store/inject_spec.ts",
              "beforeHooks": [
                {
                  "title": "\"before each\" hook",
                  "fullTitle": "injector测试 6),provider \"before each\" hook",
                  "timedOut": false,
                  "duration": 0,
                  "state": null,
                  "speed": null,
                  "pass": false,
                  "fail": false,
                  "pending": false,
                  "context": null,
                  "code": "loader = new index_1.default();\ninject = new index_2.default();",
                  "err": {},
                  "uuid": "faeccd96-2190-460a-9c60-a39496dce4c6",
                  "parentUUID": "dd732caf-ab53-4592-ab89-d614ad01fb4a",
                  "isHook": true,
                  "skipped": false
                }
              ],
              "afterHooks": [],
              "tests": [
                {
                  "title": "1,$get",
                  "fullTitle": "injector测试 6),provider 1,$get",
                  "timedOut": false,
                  "duration": 1,
                  "state": "passed",
                  "speed": "fast",
                  "pass": true,
                  "fail": false,
                  "pending": false,
                  "context": null,
                  "code": "var app = loader.module('app', []);\napp.provider('one', {\n    $get: function () {\n        return 'get';\n    }\n});\nvar ins = inject.inject(['app']);\nchai_1.expect(ins.has('one')).to.eq(true);\nchai_1.expect(ins.get('one')).to.eq('get');\ndone();",
                  "err": {},
                  "uuid": "27748c23-28a6-446b-aeee-0903a64e93c1",
                  "parentUUID": "dd732caf-ab53-4592-ab89-d614ad01fb4a",
                  "isHook": false,
                  "skipped": false
                },
                {
                  "title": "2,provider以data数据为参数",
                  "fullTitle": "injector测试 6),provider 2,provider以data数据为参数",
                  "timedOut": false,
                  "duration": 0,
                  "state": "passed",
                  "speed": "fast",
                  "pass": true,
                  "fail": false,
                  "pending": false,
                  "context": null,
                  "code": "var app = loader.module('app', []);\napp.data('a', 1);\napp.provider('one', {\n    $get: function (a) {\n        return a + 1;\n    }\n});\nvar ins = inject.inject(['app']);\n// expect(ins.has('one')).to.eq(true);\nchai_1.expect(ins.get('one')).to.eq(2);\ndone();",
                  "err": {},
                  "uuid": "b3d95513-32ec-495a-95d9-44ae1688e72d",
                  "parentUUID": "dd732caf-ab53-4592-ab89-d614ad01fb4a",
                  "isHook": false,
                  "skipped": false
                },
                {
                  "title": "3,provider以data数据为参数，data可以在provider之后申明",
                  "fullTitle": "injector测试 6),provider 3,provider以data数据为参数，data可以在provider之后申明",
                  "timedOut": false,
                  "duration": 0,
                  "state": "passed",
                  "speed": "fast",
                  "pass": true,
                  "fail": false,
                  "pending": false,
                  "context": null,
                  "code": "var app = loader.module('app', []);\napp.provider('one', {\n    $get: function (a) {\n        return a + 1;\n    }\n});\napp.provider('a', {\n    $get: function (b) {\n        return b;\n    }\n});\napp.provider('b', {\n    $get: function () {\n        return 1;\n    }\n});\nvar ins = inject.inject(['app']);\nchai_1.expect(ins.has('one')).to.eq(true);\nchai_1.expect(ins.get('one')).to.eq(2);\nchai_1.expect(ins.get('b')).to.eq(1);\ndone();",
                  "err": {},
                  "uuid": "299bd10c-108f-4ae3-9633-704a21bc061a",
                  "parentUUID": "dd732caf-ab53-4592-ab89-d614ad01fb4a",
                  "isHook": false,
                  "skipped": false
                },
                {
                  "title": "4,循环依赖",
                  "fullTitle": "injector测试 6),provider 4,循环依赖",
                  "timedOut": false,
                  "duration": 36,
                  "state": "passed",
                  "speed": "fast",
                  "pass": true,
                  "fail": false,
                  "pending": false,
                  "context": null,
                  "code": "var app = loader.module('app', []);\napp.provider('a', { $get: function (b) { return 1; } });\napp.provider('b', { $get: function (c) { return 2; } });\napp.provider('c', { $get: function (b, a) { return 3; } });\nvar ins = inject.inject(['app']);\nchai_1.expect(function () { ins.get('a'); }).to.throw(Error);",
                  "err": {},
                  "uuid": "52a739b4-49fe-4576-bfee-f35b32bf46ae",
                  "parentUUID": "dd732caf-ab53-4592-ab89-d614ad01fb4a",
                  "isHook": false,
                  "skipped": false
                }
              ],
              "suites": [],
              "passes": [
                "27748c23-28a6-446b-aeee-0903a64e93c1",
                "b3d95513-32ec-495a-95d9-44ae1688e72d",
                "299bd10c-108f-4ae3-9633-704a21bc061a",
                "52a739b4-49fe-4576-bfee-f35b32bf46ae"
              ],
              "failures": [],
              "pending": [],
              "skipped": [],
              "duration": 37,
              "root": false,
              "rootEmpty": false,
              "_timeout": 2000
            },
            {
              "uuid": "f0f325eb-8c82-42d3-acbe-123c268022fa",
              "title": "7),provider第二个接收构造函数",
              "fullFile": "/Users/mac/Documents/MyGit/Cpage.js/test/store/inject_spec.ts",
              "file": "/test/store/inject_spec.ts",
              "beforeHooks": [
                {
                  "title": "\"before each\" hook",
                  "fullTitle": "injector测试 7),provider第二个接收构造函数 \"before each\" hook",
                  "timedOut": false,
                  "duration": 0,
                  "state": null,
                  "speed": null,
                  "pass": false,
                  "fail": false,
                  "pending": false,
                  "context": null,
                  "code": "loader = new index_1.default();\ninject = new index_2.default();",
                  "err": {},
                  "uuid": "ffc2f80a-a358-421a-8c47-b374cf7ef8a5",
                  "parentUUID": "f0f325eb-8c82-42d3-acbe-123c268022fa",
                  "isHook": true,
                  "skipped": false
                }
              ],
              "afterHooks": [],
              "tests": [
                {
                  "title": "1,构造函数有$get属性",
                  "fullTitle": "injector测试 7),provider第二个接收构造函数 1,构造函数有$get属性",
                  "timedOut": false,
                  "duration": 1,
                  "state": "passed",
                  "speed": "fast",
                  "pass": true,
                  "fail": false,
                  "pending": false,
                  "context": null,
                  "code": "var app = loader.module('app', []);\nfunction Test() {\n    this.$get = function () {\n        return 123;\n    };\n}\napp.provider('one', Test);\nvar ins = inject.inject(['app']);\nchai_1.expect(ins.has('one')).to.eq(true);\nchai_1.expect(ins.get('one')).to.eq(123);\ndone();",
                  "err": {},
                  "uuid": "ab6b1e85-ed69-48b5-8225-30b70ad5248c",
                  "parentUUID": "f0f325eb-8c82-42d3-acbe-123c268022fa",
                  "isHook": false,
                  "skipped": false
                },
                {
                  "title": "2,构造函数依赖data",
                  "fullTitle": "injector测试 7),provider第二个接收构造函数 2,构造函数依赖data",
                  "timedOut": false,
                  "duration": 1,
                  "state": "passed",
                  "speed": "fast",
                  "pass": true,
                  "fail": false,
                  "pending": false,
                  "context": null,
                  "code": "var app = loader.module('app', []);\nfunction Test(a) {\n    this.$get = function () {\n        return a + 1;\n    };\n}\napp.data('a', 1);\napp.provider('one', Test);\nvar ins = inject.inject(['app']);\nchai_1.expect(ins.has('one')).to.eq(true);\nchai_1.expect(ins.get('one')).to.eq(2);\ndone();",
                  "err": {},
                  "uuid": "02741ceb-3f8a-4ca8-a9aa-333dde53906c",
                  "parentUUID": "f0f325eb-8c82-42d3-acbe-123c268022fa",
                  "isHook": false,
                  "skipped": false
                },
                {
                  "title": "3,data实例首先被注册",
                  "fullTitle": "injector测试 7),provider第二个接收构造函数 3,data实例首先被注册",
                  "timedOut": false,
                  "duration": 1,
                  "state": "passed",
                  "speed": "fast",
                  "pass": true,
                  "fail": false,
                  "pending": false,
                  "context": null,
                  "code": "var app = loader.module('app', []);\napp.provider('a', function Test() {\n    this.$get = function (b) {\n        return b;\n    };\n});\napp.data('b', 123);\nvar ins = inject.inject(['app']);\nchai_1.expect(ins.get('a')).to.eq(123);",
                  "err": {},
                  "uuid": "2b370c5b-d72f-4943-bbcb-6f2d92540300",
                  "parentUUID": "f0f325eb-8c82-42d3-acbe-123c268022fa",
                  "isHook": false,
                  "skipped": false
                }
              ],
              "suites": [],
              "passes": [
                "ab6b1e85-ed69-48b5-8225-30b70ad5248c",
                "02741ceb-3f8a-4ca8-a9aa-333dde53906c",
                "2b370c5b-d72f-4943-bbcb-6f2d92540300"
              ],
              "failures": [],
              "pending": [],
              "skipped": [],
              "duration": 3,
              "root": false,
              "rootEmpty": false,
              "_timeout": 2000
            },
            {
              "uuid": "69a79401-3432-48f1-b883-5e5b901b9bfa",
              "title": "8),高阶依赖注入",
              "fullFile": "/Users/mac/Documents/MyGit/Cpage.js/test/store/inject_spec.ts",
              "file": "/test/store/inject_spec.ts",
              "beforeHooks": [
                {
                  "title": "\"before each\" hook",
                  "fullTitle": "injector测试 8),高阶依赖注入 \"before each\" hook",
                  "timedOut": false,
                  "duration": 0,
                  "state": null,
                  "speed": null,
                  "pass": false,
                  "fail": false,
                  "pending": false,
                  "context": null,
                  "code": "loader = new index_1.default();\ninject = new index_2.default();",
                  "err": {},
                  "uuid": "4a265d7f-43f1-4110-9cbf-ac6ba534c7a9",
                  "parentUUID": "69a79401-3432-48f1-b883-5e5b901b9bfa",
                  "isHook": true,
                  "skipped": false
                }
              ],
              "afterHooks": [],
              "tests": [
                {
                  "title": "1,$injector",
                  "fullTitle": "injector测试 8),高阶依赖注入 1,$injector",
                  "timedOut": false,
                  "duration": 0,
                  "state": "passed",
                  "speed": "fast",
                  "pass": true,
                  "fail": false,
                  "pending": false,
                  "context": null,
                  "code": "var app = loader.module('myapp', []);\napp.data('a', 1);\napp.provider('one', function test() {\n    this.$get = function ($injector) {\n        return $injector.get('a');\n    };\n});\nvar ins = inject.inject(['myapp']);\nchai_1.expect(ins.get('one')).to.eq(1);\ndone();",
                  "err": {},
                  "uuid": "a2373918-674c-4543-b967-2729ff631ee0",
                  "parentUUID": "69a79401-3432-48f1-b883-5e5b901b9bfa",
                  "isHook": false,
                  "skipped": false
                },
                {
                  "title": "2,$injector",
                  "fullTitle": "injector测试 8),高阶依赖注入 2,$injector",
                  "timedOut": false,
                  "duration": 1,
                  "state": "passed",
                  "speed": "fast",
                  "pass": true,
                  "fail": false,
                  "pending": false,
                  "context": null,
                  "code": "var app = loader.module('myapp', []);\napp.provider('a', function () {\n    this.val = 'aa';\n    this.$get = function ($injector) {\n        return this.val;\n    };\n});\napp.provider('b', function ($injector) {\n    var a = $injector.get('aProvider');\n    this.$get = function () {\n        return a.val;\n    };\n});\nvar ins = inject.inject(['myapp']);\nchai_1.expect(ins.get('b')).to.eq('aa');\ndone();",
                  "err": {},
                  "uuid": "c2a042c9-7d2c-4c0d-92da-22ec49cb2dd2",
                  "parentUUID": "69a79401-3432-48f1-b883-5e5b901b9bfa",
                  "isHook": false,
                  "skipped": false
                },
                {
                  "title": "3,$provider",
                  "fullTitle": "injector测试 8),高阶依赖注入 3,$provider",
                  "timedOut": false,
                  "duration": 0,
                  "state": "passed",
                  "speed": "fast",
                  "pass": true,
                  "fail": false,
                  "pending": false,
                  "context": null,
                  "code": "var app = loader.module('myapp', []);\napp.provider('one', function test($provider) {\n    $provider.data('a', 1);\n    this.$get = function (a) {\n        return a;\n    };\n});\nvar ins = inject.inject(['myapp']);\nchai_1.expect(ins.get('one')).to.eq(1);\ndone();",
                  "err": {},
                  "uuid": "fb32d1e5-f70f-4ba8-8229-0ed266664315",
                  "parentUUID": "69a79401-3432-48f1-b883-5e5b901b9bfa",
                  "isHook": false,
                  "skipped": false
                },
                {
                  "title": "4,$provider",
                  "fullTitle": "injector测试 8),高阶依赖注入 4,$provider",
                  "timedOut": false,
                  "duration": 0,
                  "state": "passed",
                  "speed": "fast",
                  "pass": true,
                  "fail": false,
                  "pending": false,
                  "context": null,
                  "code": "var app = loader.module('myapp', []);\napp.provider('one', function test() {\n    // this.$get = function($provider){\n    //     $provider.data('a',1)\n    // }\n});\nvar ins = inject.inject(['myapp']);\n// expect(ins.get('one')).to.eq(1);\ndone();",
                  "err": {},
                  "uuid": "257e6c74-d9bc-44fd-a457-7a8076380590",
                  "parentUUID": "69a79401-3432-48f1-b883-5e5b901b9bfa",
                  "isHook": false,
                  "skipped": false
                }
              ],
              "suites": [],
              "passes": [
                "a2373918-674c-4543-b967-2729ff631ee0",
                "c2a042c9-7d2c-4c0d-92da-22ec49cb2dd2",
                "fb32d1e5-f70f-4ba8-8229-0ed266664315",
                "257e6c74-d9bc-44fd-a457-7a8076380590"
              ],
              "failures": [],
              "pending": [],
              "skipped": [],
              "duration": 1,
              "root": false,
              "rootEmpty": false,
              "_timeout": 2000
            },
            {
              "uuid": "5ba80e03-e2da-4fce-adb4-2cd8f3dc2ba8",
              "title": "9),config",
              "fullFile": "/Users/mac/Documents/MyGit/Cpage.js/test/store/inject_spec.ts",
              "file": "/test/store/inject_spec.ts",
              "beforeHooks": [
                {
                  "title": "\"before each\" hook",
                  "fullTitle": "injector测试 9),config \"before each\" hook",
                  "timedOut": false,
                  "duration": 0,
                  "state": null,
                  "speed": null,
                  "pass": false,
                  "fail": false,
                  "pending": false,
                  "context": null,
                  "code": "loader = new index_1.default();\ninject = new index_2.default();",
                  "err": {},
                  "uuid": "48c80162-a87b-4918-b50d-21924d707ac3",
                  "parentUUID": "5ba80e03-e2da-4fce-adb4-2cd8f3dc2ba8",
                  "isHook": true,
                  "skipped": false
                }
              ],
              "afterHooks": [],
              "tests": [
                {
                  "title": "1,config--local",
                  "fullTitle": "injector测试 9),config 1,config--local",
                  "timedOut": false,
                  "duration": 0,
                  "state": "passed",
                  "speed": "fast",
                  "pass": true,
                  "fail": false,
                  "pending": false,
                  "context": null,
                  "code": "var app = loader.module('myapp', []);\nvar str = 'a';\napp.config(function () {\n    str = 'b';\n});\ninject.inject(['myapp']);\nchai_1.expect(str).to.be.eq('b');",
                  "err": {},
                  "uuid": "7b39db94-aa15-456c-a8f0-5a9c8daacabb",
                  "parentUUID": "5ba80e03-e2da-4fce-adb4-2cd8f3dc2ba8",
                  "isHook": false,
                  "skipped": false
                },
                {
                  "title": "2,config--$provider",
                  "fullTitle": "injector测试 9),config 2,config--$provider",
                  "timedOut": false,
                  "duration": 0,
                  "state": "passed",
                  "speed": "fast",
                  "pass": true,
                  "fail": false,
                  "pending": false,
                  "context": null,
                  "code": "var app = loader.module('myapp', []);\napp.config(function ($provider) {\n    $provider.data('str', 'a');\n});\nvar ins = inject.inject(['myapp']);\nchai_1.expect(ins.get('str')).to.be.eq('a');",
                  "err": {},
                  "uuid": "a29f7355-454b-4d7e-abfb-ab1971d827c6",
                  "parentUUID": "5ba80e03-e2da-4fce-adb4-2cd8f3dc2ba8",
                  "isHook": false,
                  "skipped": false
                },
                {
                  "title": "3,配置函数",
                  "fullTitle": "injector测试 9),config 3,配置函数",
                  "timedOut": false,
                  "duration": 0,
                  "state": "passed",
                  "speed": "fast",
                  "pass": true,
                  "fail": false,
                  "pending": false,
                  "context": null,
                  "code": "var app = loader.module('myapp', [], function ($provider) {\n    $provider.data('str', 'a');\n});\nvar ins = inject.inject(['myapp']);\nchai_1.expect(ins.get('str')).to.be.eq('a');",
                  "err": {},
                  "uuid": "57ef7c93-533b-4e65-8be0-936cd96f6c41",
                  "parentUUID": "5ba80e03-e2da-4fce-adb4-2cd8f3dc2ba8",
                  "isHook": false,
                  "skipped": false
                }
              ],
              "suites": [],
              "passes": [
                "7b39db94-aa15-456c-a8f0-5a9c8daacabb",
                "a29f7355-454b-4d7e-abfb-ab1971d827c6",
                "57ef7c93-533b-4e65-8be0-936cd96f6c41"
              ],
              "failures": [],
              "pending": [],
              "skipped": [],
              "duration": 0,
              "root": false,
              "rootEmpty": false,
              "_timeout": 2000
            },
            {
              "uuid": "441a7261-5665-4ae7-98ae-5adee59fb132",
              "title": "10),run",
              "fullFile": "/Users/mac/Documents/MyGit/Cpage.js/test/store/inject_spec.ts",
              "file": "/test/store/inject_spec.ts",
              "beforeHooks": [
                {
                  "title": "\"before each\" hook",
                  "fullTitle": "injector测试 10),run \"before each\" hook",
                  "timedOut": false,
                  "duration": 0,
                  "state": null,
                  "speed": null,
                  "pass": false,
                  "fail": false,
                  "pending": false,
                  "context": null,
                  "code": "loader = new index_1.default();\ninject = new index_2.default();",
                  "err": {},
                  "uuid": "7db9cdf2-41db-4b11-9b81-052c59bda9a0",
                  "parentUUID": "441a7261-5665-4ae7-98ae-5adee59fb132",
                  "isHook": true,
                  "skipped": false
                }
              ],
              "afterHooks": [],
              "tests": [
                {
                  "title": "1,run--data",
                  "fullTitle": "injector测试 10),run 1,run--data",
                  "timedOut": false,
                  "duration": 0,
                  "state": "passed",
                  "speed": "fast",
                  "pass": true,
                  "fail": false,
                  "pending": false,
                  "context": null,
                  "code": "var app = loader.module('myapp', []);\napp.provider('a', {\n    $get: function () {\n        return 1;\n    }\n});\nvar str;\napp.run(function (a) {\n    str = a;\n});\ninject.inject(['myapp']);\nchai_1.expect(str).to.be.eq(1);",
                  "err": {},
                  "uuid": "38cfc5ac-381a-4ded-9171-38ad6c1441fb",
                  "parentUUID": "441a7261-5665-4ae7-98ae-5adee59fb132",
                  "isHook": false,
                  "skipped": false
                }
              ],
              "suites": [],
              "passes": [
                "38cfc5ac-381a-4ded-9171-38ad6c1441fb"
              ],
              "failures": [],
              "pending": [],
              "skipped": [],
              "duration": 0,
              "root": false,
              "rootEmpty": false,
              "_timeout": 2000
            },
            {
              "uuid": "946e1f4f-4a61-4fba-9844-ec542569623e",
              "title": "11),module函数",
              "fullFile": "/Users/mac/Documents/MyGit/Cpage.js/test/store/inject_spec.ts",
              "file": "/test/store/inject_spec.ts",
              "beforeHooks": [
                {
                  "title": "\"before each\" hook",
                  "fullTitle": "injector测试 11),module函数 \"before each\" hook",
                  "timedOut": false,
                  "duration": 0,
                  "state": null,
                  "speed": null,
                  "pass": false,
                  "fail": false,
                  "pending": false,
                  "context": null,
                  "code": "loader = new index_1.default();\ninject = new index_2.default();",
                  "err": {},
                  "uuid": "999e11a5-f777-4d57-bc86-5be72836c48d",
                  "parentUUID": "946e1f4f-4a61-4fba-9844-ec542569623e",
                  "isHook": true,
                  "skipped": false
                }
              ],
              "afterHooks": [],
              "tests": [
                {
                  "title": "1,function",
                  "fullTitle": "injector测试 11),module函数 1,function",
                  "timedOut": false,
                  "duration": 0,
                  "state": "passed",
                  "speed": "fast",
                  "pass": true,
                  "fail": false,
                  "pending": false,
                  "context": null,
                  "code": "var m1 = function ($provider) {\n    $provider.data('str', 'aa');\n};\nvar app = loader.module('myapp', [m1]);\napp.data('a', 1);\nvar ins = inject.inject(['myapp']);\nchai_1.expect(ins.get('str')).to.be.eq('aa');",
                  "err": {},
                  "uuid": "43984336-3287-4603-b0ec-859369337238",
                  "parentUUID": "946e1f4f-4a61-4fba-9844-ec542569623e",
                  "isHook": false,
                  "skipped": false
                },
                {
                  "title": "2,array",
                  "fullTitle": "injector测试 11),module函数 2,array",
                  "timedOut": false,
                  "duration": 0,
                  "state": "passed",
                  "speed": "fast",
                  "pass": true,
                  "fail": false,
                  "pending": false,
                  "context": null,
                  "code": "var fn = ['$provider', function ($provider) {\n        $provider.data('str', 'aa');\n    }];\nvar app = loader.module('myapp', [fn]);\nvar ins = inject.inject(['myapp']);\nchai_1.expect(ins.get('str')).to.be.eq('aa');",
                  "err": {},
                  "uuid": "bf50581f-db5a-4c88-93a3-8b82ec3c83f0",
                  "parentUUID": "946e1f4f-4a61-4fba-9844-ec542569623e",
                  "isHook": false,
                  "skipped": false
                }
              ],
              "suites": [],
              "passes": [
                "43984336-3287-4603-b0ec-859369337238",
                "bf50581f-db5a-4c88-93a3-8b82ec3c83f0"
              ],
              "failures": [],
              "pending": [],
              "skipped": [],
              "duration": 0,
              "root": false,
              "rootEmpty": false,
              "_timeout": 2000
            },
            {
              "uuid": "039ba875-0719-45c5-ae4e-b62581768758",
              "title": "12),factory",
              "fullFile": "/Users/mac/Documents/MyGit/Cpage.js/test/store/inject_spec.ts",
              "file": "/test/store/inject_spec.ts",
              "beforeHooks": [
                {
                  "title": "\"before each\" hook",
                  "fullTitle": "injector测试 12),factory \"before each\" hook",
                  "timedOut": false,
                  "duration": 0,
                  "state": null,
                  "speed": null,
                  "pass": false,
                  "fail": false,
                  "pending": false,
                  "context": null,
                  "code": "loader = new index_1.default();\ninject = new index_2.default();",
                  "err": {},
                  "uuid": "e8b1bcd0-7426-4ff8-9e90-bb5df8e5c13e",
                  "parentUUID": "039ba875-0719-45c5-ae4e-b62581768758",
                  "isHook": true,
                  "skipped": false
                }
              ],
              "afterHooks": [],
              "tests": [
                {
                  "title": "1,注册factory函数",
                  "fullTitle": "injector测试 12),factory 1,注册factory函数",
                  "timedOut": false,
                  "duration": 0,
                  "state": "passed",
                  "speed": "fast",
                  "pass": true,
                  "fail": false,
                  "pending": false,
                  "context": null,
                  "code": "var app = loader.module('myapp', []);\napp.factory('a', function () { return 12; });\nvar ins = inject.inject(['myapp']);\nchai_1.expect(ins.get('a')).to.eq(12);",
                  "err": {},
                  "uuid": "19b26df0-75b4-4f7c-8ee4-9b6b7376a683",
                  "parentUUID": "039ba875-0719-45c5-ae4e-b62581768758",
                  "isHook": false,
                  "skipped": false
                },
                {
                  "title": "2,注册factory函数依赖注入",
                  "fullTitle": "injector测试 12),factory 2,注册factory函数依赖注入",
                  "timedOut": false,
                  "duration": 0,
                  "state": "passed",
                  "speed": "fast",
                  "pass": true,
                  "fail": false,
                  "pending": false,
                  "context": null,
                  "code": "var app = loader.module('myapp', []);\napp.factory('a', function () { return 12; });\napp.factory('b', function (a) { return a; });\nvar ins = inject.inject(['myapp']);\nchai_1.expect(ins.get('b')).to.eq(12);",
                  "err": {},
                  "uuid": "f64d1905-67ef-4823-bdaa-d10da7e04858",
                  "parentUUID": "039ba875-0719-45c5-ae4e-b62581768758",
                  "isHook": false,
                  "skipped": false
                },
                {
                  "title": "3,注册factory函数没有返回值",
                  "fullTitle": "injector测试 12),factory 3,注册factory函数没有返回值",
                  "timedOut": false,
                  "duration": 0,
                  "state": "passed",
                  "speed": "fast",
                  "pass": true,
                  "fail": false,
                  "pending": false,
                  "context": null,
                  "code": "var app = loader.module('myapp', []);\napp.factory('a', function () { });\nvar ins = inject.inject(['myapp']);\nchai_1.expect(function () { ins.get('a'); }).to.throw(Error);",
                  "err": {},
                  "uuid": "cbce0da1-5155-47a2-9016-a5c780772529",
                  "parentUUID": "039ba875-0719-45c5-ae4e-b62581768758",
                  "isHook": false,
                  "skipped": false
                }
              ],
              "suites": [],
              "passes": [
                "19b26df0-75b4-4f7c-8ee4-9b6b7376a683",
                "f64d1905-67ef-4823-bdaa-d10da7e04858",
                "cbce0da1-5155-47a2-9016-a5c780772529"
              ],
              "failures": [],
              "pending": [],
              "skipped": [],
              "duration": 0,
              "root": false,
              "rootEmpty": false,
              "_timeout": 2000
            },
            {
              "uuid": "d61de191-7595-4612-969a-d96dd28756c0",
              "title": "13),value",
              "fullFile": "/Users/mac/Documents/MyGit/Cpage.js/test/store/inject_spec.ts",
              "file": "/test/store/inject_spec.ts",
              "beforeHooks": [
                {
                  "title": "\"before each\" hook",
                  "fullTitle": "injector测试 13),value \"before each\" hook",
                  "timedOut": false,
                  "duration": 0,
                  "state": null,
                  "speed": null,
                  "pass": false,
                  "fail": false,
                  "pending": false,
                  "context": null,
                  "code": "loader = new index_1.default();\ninject = new index_2.default();",
                  "err": {},
                  "uuid": "c0a6fe96-3fdc-4655-8740-5efac2461ee1",
                  "parentUUID": "d61de191-7595-4612-969a-d96dd28756c0",
                  "isHook": true,
                  "skipped": false
                }
              ],
              "afterHooks": [],
              "tests": [
                {
                  "title": "1,value",
                  "fullTitle": "injector测试 13),value 1,value",
                  "timedOut": false,
                  "duration": 0,
                  "state": "passed",
                  "speed": "fast",
                  "pass": true,
                  "fail": false,
                  "pending": false,
                  "context": null,
                  "code": "var app = loader.module('myapp', []);\napp.value('a', 123);\nvar ins = inject.inject(['myapp']);\nchai_1.expect(ins.get('a')).to.eq(123);",
                  "err": {},
                  "uuid": "d2933dab-0fb1-4859-abff-4c458cfdafb6",
                  "parentUUID": "d61de191-7595-4612-969a-d96dd28756c0",
                  "isHook": false,
                  "skipped": false
                },
                {
                  "title": "2,value不能被provider,config使用",
                  "fullTitle": "injector测试 13),value 2,value不能被provider,config使用",
                  "timedOut": false,
                  "duration": 0,
                  "state": "passed",
                  "speed": "fast",
                  "pass": true,
                  "fail": false,
                  "pending": false,
                  "context": null,
                  "code": "var app = loader.module('myapp', []);\napp.value('a', 123);\napp.provider('b', {\n    $get: function (a) {\n        return a;\n    }\n});\nvar ins = inject.inject(['myapp']);\nchai_1.expect(ins.get('b')).to.eq(123);",
                  "err": {},
                  "uuid": "5babb97d-d138-4f71-af4c-36342d938688",
                  "parentUUID": "d61de191-7595-4612-969a-d96dd28756c0",
                  "isHook": false,
                  "skipped": false
                }
              ],
              "suites": [],
              "passes": [
                "d2933dab-0fb1-4859-abff-4c458cfdafb6",
                "5babb97d-d138-4f71-af4c-36342d938688"
              ],
              "failures": [],
              "pending": [],
              "skipped": [],
              "duration": 0,
              "root": false,
              "rootEmpty": false,
              "_timeout": 2000
            },
            {
              "uuid": "ccab9bad-9193-4984-8754-f664b15f82f4",
              "title": "14),service",
              "fullFile": "/Users/mac/Documents/MyGit/Cpage.js/test/store/inject_spec.ts",
              "file": "/test/store/inject_spec.ts",
              "beforeHooks": [
                {
                  "title": "\"before each\" hook",
                  "fullTitle": "injector测试 14),service \"before each\" hook",
                  "timedOut": false,
                  "duration": 0,
                  "state": null,
                  "speed": null,
                  "pass": false,
                  "fail": false,
                  "pending": false,
                  "context": null,
                  "code": "loader = new index_1.default();\ninject = new index_2.default();",
                  "err": {},
                  "uuid": "f9f47f71-93c9-4c45-98dd-ddd9f2923d47",
                  "parentUUID": "ccab9bad-9193-4984-8754-f664b15f82f4",
                  "isHook": true,
                  "skipped": false
                }
              ],
              "afterHooks": [],
              "tests": [
                {
                  "title": "1,service",
                  "fullTitle": "injector测试 14),service 1,service",
                  "timedOut": false,
                  "duration": 0,
                  "state": "passed",
                  "speed": "fast",
                  "pass": true,
                  "fail": false,
                  "pending": false,
                  "context": null,
                  "code": "var app = loader.module('myapp', []);\napp.service('myService', function () {\n    this.str = 'aa';\n    this.one = function (str) {\n        return str;\n    };\n});\nvar ins = inject.inject(['myapp']);\nchai_1.expect(ins.get('myService').str).to.eq('aa');\nchai_1.expect(ins.get('myService').one('service')).to.eq('service');",
                  "err": {},
                  "uuid": "a976493b-37d4-42e4-9656-7dcdb94f47c0",
                  "parentUUID": "ccab9bad-9193-4984-8754-f664b15f82f4",
                  "isHook": false,
                  "skipped": false
                }
              ],
              "suites": [],
              "passes": [
                "a976493b-37d4-42e4-9656-7dcdb94f47c0"
              ],
              "failures": [],
              "pending": [],
              "skipped": [],
              "duration": 0,
              "root": false,
              "rootEmpty": false,
              "_timeout": 2000
            }
          ],
          "passes": [],
          "failures": [],
          "pending": [],
          "skipped": [],
          "duration": 0,
          "root": false,
          "rootEmpty": false,
          "_timeout": 2000
        },
        {
          "uuid": "80197a20-4ab9-4179-accb-f83fc65bae4b",
          "title": "loader测试",
          "fullFile": "/Users/mac/Documents/MyGit/Cpage.js/test/store/loader_spec.ts",
          "file": "/test/store/loader_spec.ts",
          "beforeHooks": [],
          "afterHooks": [],
          "tests": [
            {
              "title": "1,module",
              "fullTitle": "loader测试 1,module",
              "timedOut": false,
              "duration": 0,
              "state": "passed",
              "speed": "fast",
              "pass": true,
              "fail": false,
              "pending": false,
              "context": null,
              "code": "// var m = loader.module('li', []);\n// expect(m.name).to.eq('li');",
              "err": {},
              "uuid": "1ef26cf1-4cc6-4b7a-af3b-ff0320735dde",
              "parentUUID": "80197a20-4ab9-4179-accb-f83fc65bae4b",
              "isHook": false,
              "skipped": false
            }
          ],
          "suites": [],
          "passes": [
            "1ef26cf1-4cc6-4b7a-af3b-ff0320735dde"
          ],
          "failures": [],
          "pending": [],
          "skipped": [],
          "duration": 0,
          "root": false,
          "rootEmpty": false,
          "_timeout": 2000
        }
      ],
      "passes": [],
      "failures": [],
      "pending": [],
      "skipped": [],
      "duration": 0,
      "root": true,
      "rootEmpty": true,
      "_timeout": 2000
    }
  ],
  "meta": {
    "mocha": {
      "version": "7.2.0"
    },
    "mochawesome": {
      "options": {
        "quiet": false,
        "reportFilename": "mochawesome",
        "saveHtml": true,
        "saveJson": true,
        "consoleReporter": "spec",
        "useInlineDiffs": false
      },
      "version": "4.1.0"
    },
    "marge": {
      "options": null,
      "version": "4.1.0"
    }
  }
}